Log file open, 04/23/24 20:02:38
LogInit:Display: Running engine without a game
LogPlatformFile: Not using cached read wrapper
LogInit:Display: Loading recent project file: C:/Users/suvan/Documents/Unreal Projects/FortTest/SourceCode/FortniteGame/FortniteGame.uproject
LogInit:Display: RandInit(1157376262) SRandInit(1157376262).
LogTaskGraph: Started task graph with 5 named threads and 8 total threads with 1 sets of task threads.
LogStats: Stats thread started at 0.125608
LogInit: Using libcurl 7.47.1
LogInit:  - built for x86_64-pc-win32
LogInit:  - supports SSL with OpenSSL/1.0.2g
LogInit:  - supports HTTP deflate (compression) using libz 1.2.8
LogInit:  - other features:
LogInit:      CURL_VERSION_SSL
LogInit:      CURL_VERSION_LIBZ
LogInit:      CURL_VERSION_IPV6
LogInit:      CURL_VERSION_ASYNCHDNS
LogInit:      CURL_VERSION_LARGEFILE
LogInit:      CURL_VERSION_IDN
LogInit:  CurlRequestOptions (configurable via config and command line):
LogInit:  - bVerifyPeer = false  - Libcurl will NOT verify peer certificate
LogInit:  - bUseHttpProxy = false  - Libcurl will NOT use HTTP proxy
LogInit:  - bDontReuseConnections = false  - Libcurl will reuse connections
LogInit:  - CertBundlePath = nullptr  - Libcurl will use whatever was configured at build time.
LogInit: Build: ++UE4+Release-4.16-CL-3561208
LogInit: Engine Version: 4.16.3-3561208+++UE4+Release-4.16
LogInit: Compatible Engine Version: 4.16.0-3452394+++UE4+Release-4.16
LogInit: Net CL: 3452394
LogDevObjectVersion: Number of dev versions registered: 16
LogDevObjectVersion:   Dev-Blueprints (B0D832E4-1F89-4F0D-ACCF-7EB736FD4AA2): 9
LogDevObjectVersion:   Dev-Build (E1C64328-A22C-4D53-A36C-8E866417BD8C): 0
LogDevObjectVersion:   Dev-Core (375EC13C-06E4-48FB-B500-84F0262A717E): 2
LogDevObjectVersion:   Dev-Editor (E4B068ED-F494-42E9-A231-DA0B2E46BB41): 17
LogDevObjectVersion:   Dev-Framework (CFFC743F-43B0-4480-9391-14DF171D2073): 23
LogDevObjectVersion:   Dev-Mobile (B02B49B5-BB20-44E9-A304-32B752E40360): 0
LogDevObjectVersion:   Dev-Networking (A4E4105C-59A1-49B5-A7C5-40C4547EDFEE): 0
LogDevObjectVersion:   Dev-Online (39C831C9-5AE6-47DC-9A44-9C173E1C8E7C): 0
LogDevObjectVersion:   Dev-Physics (78F01B33-EBEA-4F98-B9B4-84EACCB95AA2): 0
LogDevObjectVersion:   Dev-Platform (6631380F-2D4D-43E0-8009-CF276956A95A): 0
LogDevObjectVersion:   Dev-Rendering (12F88B9F-8875-4AFC-A67C-D90C383ABD29): 15
LogDevObjectVersion:   Dev-Sequencer (7B5AE74C-D270-4C10-A958-57980B212A5A): 4
LogDevObjectVersion:   Dev-VR (D7296918-1DD6-4BDD-9DE2-64A83CC13884): 0
LogDevObjectVersion:   Dev-LoadTimes (C2A15278-BFE7-4AFE-6C17-90FF531DF755): 1
LogDevObjectVersion:   Private-Geometry (6EACA3D4-40EC-4CC1-B786-8BED09428FC5): 1
LogDevObjectVersion:   Dev-AnimPhys (29E575DD-E0A3-4627-9D10-D276232CDCEA): 3
LogInit: Compiled (64-bit): Jul 28 2017 11:49:47
LogInit: Compiled with Visual C++: 19.00.24215.01
LogInit: Build Configuration: Development
LogInit: Branch Name: ++UE4+Release-4.16
LogInit: Command line: -AUTH_LOGIN=unused -AUTH_PASSWORD=6b52f71077f0418e9aaba64f5163c7c2 -AUTH_TYPE=exchangecode -epicapp=UE_4.16 -epicenv=Prod -EpicPortal  -epicusername="blizzard325" -epicuserid=cacf155719304758a437fef752f26735 -epiclocale=en -epicsandboxid=ue
LogInit: Base directory: D:/EGL/UE_4.16/Engine/Binaries/Win64/
LogInit: Installed Engine Build: 1
LogInit: Presizing for max 8388607 objects, including 0 objects not considered by GC, pre-allocating 0 bytes for permanent pool.
LogInit: Object subsystem initialized
[2024.04.24-03.02.40:206][  0]LogInit: Selected Device Profile: [Windows]
[2024.04.24-03.02.40:206][  0]LogInit: Applying CVar settings loaded from the selected device profile: [Windows]
[2024.04.24-03.02.40:268][  0]LogInit: Computer: DESKTOP-07LGBFF
[2024.04.24-03.02.40:268][  0]LogInit: User: suvan
[2024.04.24-03.02.40:268][  0]LogInit: CPU Page size=4096, Cores=4
[2024.04.24-03.02.40:268][  0]LogInit: High frequency timer resolution =10.000000 MHz
[2024.04.24-03.02.40:290][  0]LogMemory: Memory total: Physical=15.9GB (16GB approx)
[2024.04.24-03.02.40:290][  0]LogMemory: Platform Memory Stats for Windows
[2024.04.24-03.02.40:290][  0]LogMemory: Process Physical Memory: 273.68 MB used, 273.68 MB peak
[2024.04.24-03.02.40:290][  0]LogMemory: Process Virtual Memory: 261.08 MB used, 261.08 MB peak
[2024.04.24-03.02.40:290][  0]LogMemory: Physical Memory: 6219.33 MB used,  10098.12 MB free, 16317.45 MB total
[2024.04.24-03.02.40:290][  0]LogMemory: Virtual Memory: 4758.53 MB used,  10098.12 MB free, 134217728.00 MB total
[2024.04.24-03.02.40:770][  0]LogInit: Using OS detected language (en-US).
[2024.04.24-03.02.40:770][  0]LogInit: Using OS detected locale (en-US).
[2024.04.24-03.02.40:916][  0]LogTextLocalizationManager: No specific localization for 'en-US' exists, so the 'en' localization will be used.
[2024.04.24-03.02.43:174][  0]LogD3D11RHI: D3D11 adapters:
[2024.04.24-03.02.43:252][  0]LogD3D11RHI:    0. 'Radeon RX 580 Series' (Feature Level 11_0)
[2024.04.24-03.02.43:252][  0]LogD3D11RHI:       8170/0/8158 MB DedicatedVideo/DedicatedSystem/SharedSystem, Outputs:2, VendorId:0x1002
[2024.04.24-03.02.43:254][  0]LogD3D11RHI:    1. 'Microsoft Basic Render Driver' (Feature Level 11_0)
[2024.04.24-03.02.43:254][  0]LogD3D11RHI:       0/0/8158 MB DedicatedVideo/DedicatedSystem/SharedSystem, Outputs:0, VendorId:0x1414
[2024.04.24-03.02.43:254][  0]LogD3D11RHI: Chosen D3D11 Adapter: 0
[2024.04.24-03.02.43:272][  0]LogD3D11RHI: Creating new Direct3DDevice
[2024.04.24-03.02.43:272][  0]LogD3D11RHI:     GPU DeviceId: 0x67df (for the marketing name, search the web for "GPU Device Id")
[2024.04.24-03.02.43:272][  0]LogWindows: EnumDisplayDevices:
[2024.04.24-03.02.43:272][  0]LogWindows:    0. 'Radeon RX 580 Series' (P:0 D:1)
[2024.04.24-03.02.43:272][  0]LogWindows:    1. 'Radeon RX 580 Series' (P:1 D:1)
[2024.04.24-03.02.43:273][  0]LogWindows:    2. 'Radeon RX 580 Series' (P:0 D:0)
[2024.04.24-03.02.43:273][  0]LogWindows:    3. 'Radeon RX 580 Series' (P:0 D:0)
[2024.04.24-03.02.43:273][  0]LogWindows:    4. 'Radeon RX 580 Series' (P:0 D:0)
[2024.04.24-03.02.43:273][  0]LogWindows:    5. 'Radeon RX 580 Series' (P:0 D:0)
[2024.04.24-03.02.43:273][  0]LogWindows:    6. 'Radeon RX 580 Series' (P:0 D:0)
[2024.04.24-03.02.43:273][  0]LogWindows: DebugString: GetVideoDriverDetailsInvalid PrimaryIsNotTheChoosenAdapter GetVideoDriverDetailsInvalid PrimaryIsNotTheChoosenAdapter GetVideoDriverDetailsInvalid PrimaryIsNotTheChoosenAdapter GetVideoDriverDetailsInvalid PrimaryIsNotTheChoosenAdapter GetVideoDriverDetailsInvalid PrimaryIsNotTheChoosenAdapter GetVideoDriverDetailsInvalid PrimaryIsNotTheChoosenAdapter GetVideoDriverDetailsInvalid PrimaryIsNotTheChoosenAdapter FoundDriverCount:0 
[2024.04.24-03.02.43:273][  0]LogD3D11RHI:     Adapter Name: Radeon RX 580 Series
[2024.04.24-03.02.43:273][  0]LogD3D11RHI:   Driver Version: Unknown (internal:Unknown, unified:Unknown)
[2024.04.24-03.02.43:273][  0]LogD3D11RHI:      Driver Date: Unknown
[2024.04.24-03.02.43:274][  0]LogRHI: Texture pool is 1361 MB (70% of 1945 MB)
[2024.04.24-03.02.43:360][  0]LogD3D11RHI: Async texture creation enabled
[2024.04.24-03.02.43:642][  0]LogD3D11RHI: GPU Timing Frequency: 25.000000 (Debug: 2 1)
[2024.04.24-03.02.43:722][  0]LogShaderCompilers: Guid format shader working directory is -27 characters bigger than the processId version (C:/Users/suvan/Documents/Unreal Projects/FortTest/SourceCode/FortniteGame/Intermediate/Shaders/WorkingDirectory/9176/).
[2024.04.24-03.02.43:723][  0]LogShaderCompilers: Cleaned the shader compiler working directory 'C:/Users/suvan/AppData/Local/Temp/UnrealShaderWorkingDir/061C41D5459E8C084EF4F78D072C2650/'.
[2024.04.24-03.02.43:724][  0]LogShaderCompilers:Display: Using Local Shader Compiler.
[2024.04.24-03.02.45:739][  0]LogTemp:Display: Loaded TP AllDesktopTargetPlatform
[2024.04.24-03.02.45:804][  0]LogTemp:Display: Loaded TP MacClientTargetPlatform
[2024.04.24-03.02.45:852][  0]LogTemp:Display: Loaded TP MacNoEditorTargetPlatform
[2024.04.24-03.02.45:898][  0]LogTemp:Display: Loaded TP MacServerTargetPlatform
[2024.04.24-03.02.45:961][  0]LogTemp:Display: Loaded TP MacTargetPlatform
[2024.04.24-03.02.46:008][  0]LogTemp:Display: Loaded TP WindowsClientTargetPlatform
[2024.04.24-03.02.46:055][  0]LogTemp:Display: Loaded TP WindowsNoEditorTargetPlatform
[2024.04.24-03.02.46:103][  0]LogTemp:Display: Loaded TP WindowsServerTargetPlatform
[2024.04.24-03.02.46:145][  0]LogTemp:Display: Loaded TP WindowsTargetPlatform
[2024.04.24-03.02.46:204][  0]LogTemp:Display: Loaded TP AndroidTargetPlatform
[2024.04.24-03.02.46:251][  0]LogTemp:Display: Loaded TP Android_ASTCTargetPlatform
[2024.04.24-03.02.46:298][  0]LogTemp:Display: Loaded TP Android_ATCTargetPlatform
[2024.04.24-03.02.46:344][  0]LogTemp:Display: Loaded TP Android_DXTTargetPlatform
[2024.04.24-03.02.46:391][  0]LogTemp:Display: Loaded TP Android_ETC1TargetPlatform
[2024.04.24-03.02.46:438][  0]LogTemp:Display: Loaded TP Android_ETC2TargetPlatform
[2024.04.24-03.02.46:541][  0]LogTemp:Display: Loaded TP Android_MultiTargetPlatform
[2024.04.24-03.02.46:541][  0]LogTemp:Display: Loaded TP Android_PVRTCTargetPlatform
[2024.04.24-03.02.46:586][  0]LogTemp:Display: Loaded TP HTML5TargetPlatform
[2024.04.24-03.02.46:721][  0]LogTemp:Display: Loaded TP IOSTargetPlatform
[2024.04.24-03.02.46:751][  0]LogTemp:Display: Loaded TP TVOSTargetPlatform
[2024.04.24-03.02.46:804][  0]LogTemp:Display: Loaded TP LinuxClientTargetPlatform
[2024.04.24-03.02.46:862][  0]LogTemp:Display: Loaded TP LinuxNoEditorTargetPlatform
[2024.04.24-03.02.46:923][  0]LogTemp:Display: Loaded TP LinuxServerTargetPlatform
[2024.04.24-03.02.46:987][  0]LogTemp:Display: Loaded TP LinuxTargetPlatform
[2024.04.24-03.02.46:987][  0]LogTargetPlatformManager:Display: Building Assets For Windows
[2024.04.24-03.02.48:158][  0]LogDerivedDataCache:Display: Max Cache Size: 512 MB
[2024.04.24-03.02.48:504][  0]LogDerivedDataCache: Loaded boot cache 0.35s 90MB C:/Users/suvan/AppData/Local/UnrealEngine/4.16/DerivedDataCache/Boot.ddc.
[2024.04.24-03.02.48:504][  0]LogDerivedDataCache:Display: Loaded Boot cache: C:/Users/suvan/AppData/Local/UnrealEngine/4.16/DerivedDataCache/Boot.ddc
[2024.04.24-03.02.48:504][  0]LogDerivedDataCache: FDerivedDataBackendGraph:  Pak pak cache file C:/Users/suvan/Documents/Unreal Projects/FortTest/SourceCode/FortniteGame/DerivedDataCache/DDC.ddp not found, will not use a pak cache.
[2024.04.24-03.02.48:504][  0]LogDerivedDataCache: Unable to find inner node Pak for hierarchical cache Hierarchy.
[2024.04.24-03.02.48:504][  0]LogDerivedDataCache: FDerivedDataBackendGraph:  CompressedPak pak cache file C:/Users/suvan/Documents/Unreal Projects/FortTest/SourceCode/FortniteGame/DerivedDataCache/Compressed.ddp not found, will not use a pak cache.
[2024.04.24-03.02.48:504][  0]LogDerivedDataCache: Unable to find inner node CompressedPak for hierarchical cache Hierarchy.
[2024.04.24-03.02.48:545][  0]LogDerivedDataCache:Display: Pak cache opened for reading ../../../Engine/DerivedDataCache/Compressed.ddp.
[2024.04.24-03.02.48:558][  0]LogDerivedDataCache: Using Local data cache path C:/Users/suvan/AppData/Local/UnrealEngine/Common/DerivedDataCache: Writable
[2024.04.24-03.02.48:598][  0]LogMaterial: Verifying Global Shaders for PCD3D_SM5
[2024.04.24-03.02.48:650][  0]LogSlate: Using Freetype 2.6.0
[2024.04.24-03.02.48:734][  0]LogSlate: SlateFontCache - WITH_FREETYPE: 1, WITH_HARFBUZZ: 1
[2024.04.24-03.02.48:734][  0]LogSlate: SlateFontCache - WITH_FREETYPE: 1, WITH_HARFBUZZ: 1
[2024.04.24-03.02.54:486][  0]LogInit: Selected Device Profile: [Windows]
[2024.04.24-03.02.55:065][  0]LogContentStreaming: Texture pool size is 0.00 MB
[2024.04.24-03.02.55:597][  0]LogMeshUtilities: Using QuadricMeshReduction for automatic static mesh reduction
[2024.04.24-03.02.55:728][  0]LogSimplygon: Simplygon DLL not present - disabling.
[2024.04.24-03.02.55:823][  0]LogMeshUtilities: Using SimplygonSwarm for distributed automatic mesh merging
[2024.04.24-03.02.55:823][  0]LogMeshUtilities: No automatic skeletal mesh reduction module available
[2024.04.24-03.02.55:823][  0]LogMeshUtilities: No automatic mesh merging module available
[2024.04.24-03.02.59:398][  0]LogNetVersion: FortniteGame , NetCL: 3452394, EngineNetVer: 2, GameNetVer: 0 (Checksum: 2151719328)
[2024.04.24-03.02.59:657][  0]LogAssetRegistry: FAssetRegistry took 0.0403 seconds to start up
[2024.04.24-03.02.59:886][  0]LogPackageLocalizationCache: Processed 4 localized package path(s) for 2 prioritized culture(s) in 0.094529 seconds
[2024.04.24-03.02.59:894][  0]LogUObjectArray: 34194 objects as part of root set at end of initial load.
[2024.04.24-03.02.59:894][  0]LogUObjectAllocator: 7260424 out of 0 bytes used by permanent object pool.
[2024.04.24-03.02.59:894][  0]LogUObjectArray: CloseDisregardForGC: 0/0 objects in disregard for GC pool
[2024.04.24-03.03.00:050][  0]LogInit: WinSock: version 1.1 (2.2), MaxSocks=32767, MaxUdp=65467
[2024.04.24-03.03.15:110][  0]LogTcpMessaging: Initializing TcpMessaging bridge
[2024.04.24-03.03.15:179][  0]LogUdpMessaging: Initializing bridge on interface 0.0.0.0:0 to multicast group 230.0.0.1:6666.
[2024.04.24-03.03.16:717][  0]LogMaterial: Uniform references updated for custom material expression Custom.
[2024.04.24-03.03.17:505][  0]SourceControl: Info Source control is disabled
[2024.04.24-03.03.17:515][  0]SourceControl: Info Source control is disabled
[2024.04.24-03.03.17:605][  0]SourceControl: Info Source control is disabled
[2024.04.24-03.03.17:740][  0]SourceControl: Info Source control is disabled
[2024.04.24-03.03.19:182][  0]LogAndroidPermission: UAndroidPermissionCallbackProxy::GetInstance
[2024.04.24-03.03.20:385][  0]LogEngine: Initializing Engine...
[2024.04.24-03.03.20:400][  0]LogHMD: Failed to initialize OpenVR with code 110
[2024.04.24-03.03.20:922][  0]LogStats: UGameplayTagsManager::ConstructGameplayTagTree: Construct from data asset -  0.000 s
[2024.04.24-03.03.20:922][  0]LogStats: UGameplayTagsManager::ConstructGameplayTagTree: GameplayTagTreeChangedEvent.Broadcast -  0.000 s
[2024.04.24-03.03.21:399][  0]LogAIModule: Creating AISystem for world Untitled
[2024.04.24-03.03.21:480][  0]LogInit: XAudio2 using 'Headphones (High Definition Audio Device)' : 2 channels at 48 kHz using 16 bits per sample (channel mask 0x3)
[2024.04.24-03.03.21:500][  0]LogInit: FAudioDevice initialized.
[2024.04.24-03.03.21:535][  0]LogDerivedDataCache: Saved boot cache 0.04s 90MB C:/Users/suvan/AppData/Local/UnrealEngine/4.16/DerivedDataCache/Boot.ddc.
[2024.04.24-03.03.21:541][  0]LogInit: Texture streaming: Enabled
[2024.04.24-03.03.21:674][  0]LogEngineSessionManager: EngineSessionManager initialized
[2024.04.24-03.03.22:194][  0]LogInit: Transaction tracking system initialized
[2024.04.24-03.03.22:796][  0]BlueprintLog: New page: Editor Load
[2024.04.24-03.03.24:448][  0]LocalizationService: Info Localization service is disabled
[2024.04.24-03.03.25:675][  0]LogConsoleResponse:Display: 
[2024.04.24-03.03.26:993][  0]LogFileCache: Scanning file cache for directory 'C:/Users/suvan/Documents/Unreal Projects/FortTest/SourceCode/FortniteGame/Content/' took 0.01s
[2024.04.24-03.03.26:993][  0]LogCook:Display: Max memory allowance for cook 16384mb min free memory 0mb
[2024.04.24-03.03.26:993][  0]LogCook:Display: Mobile HDR setting 1
[2024.04.24-03.03.29:325][  0]SourceControl: Info Source control is disabled
[2024.04.24-03.03.29:346][  0]Cmd: MAP LOAD FILE="../../../Engine/Content/Maps/Templates/Template_Default.umap" TEMPLATE=1 SHOWPROGRESS=1 FEATURELEVEL=3
[2024.04.24-03.03.29:366][  0]LightingResults: New page: Lighting Build
[2024.04.24-03.03.29:552][  0]MapCheck: New page: Map Check
[2024.04.24-03.03.29:552][  0]LightingResults: New page: Lighting Build
[2024.04.24-03.03.30:475][  0]LogAIModule: Creating AISystem for world Untitled_1
[2024.04.24-03.03.30:492][  0]LogActorComponent: RegisterComponentWithWorld: (/Temp/Untitled_1.Untitled_1:PersistentLevel.WorldSettings_1.StaticMeshComponent0) Trying to register component with IsPendingKill() == true. Aborting.
[2024.04.24-03.03.30:771][  0]LogEditorServer: Finished looking for orphan Actors (0.000 secs)
[2024.04.24-03.03.30:820][  0]Cmd: MAP CHECKDEP NOCLEARLOG
[2024.04.24-03.03.30:888][  0]MapCheck: Info Map check complete: 0 Error(s), 0 Warning(s), took 59.848ms to complete.
[2024.04.24-03.03.30:888][  0]LogFileHelpers: Loading map 'Template_Default' took 1.560
[2024.04.24-03.03.31:989][  0]LogCollectionManager: Loaded 0 collections in 0.001047 seconds
[2024.04.24-03.03.32:124][  0]LogFileCache: Scanning file cache for directory 'C:/Users/suvan/Documents/Unreal Projects/FortTest/SourceCode/FortniteGame/Saved/Collections/' took 0.01s
[2024.04.24-03.03.32:124][  0]LogFileCache: Scanning file cache for directory 'C:/Users/suvan/Documents/Unreal Projects/FortTest/SourceCode/FortniteGame/Content/Developers/suvan/Collections/' took 0.01s
[2024.04.24-03.03.32:124][  0]LogFileCache: Scanning file cache for directory 'C:/Users/suvan/Documents/Unreal Projects/FortTest/SourceCode/FortniteGame/Content/Collections/' took 0.01s
[2024.04.24-03.03.32:124][  0]LogCollectionManager: Rebuilt the GUID cache for 0 collections in 0.000002 seconds
[2024.04.24-03.03.32:134][  0]LogContentBrowser: Native class hierarchy populated in 0.0084 seconds. Added 2329 classes and 491 folders.
[2024.04.24-03.03.32:264][  0]LogContentBrowser: Native class hierarchy updated for 'WidgetCarousel' in 0.0006 seconds. Added 0 classes and 0 folders.
[2024.04.24-03.03.33:372][  0]LogContentBrowser: Native class hierarchy updated for 'AddContentDialog' in 0.0005 seconds. Added 0 classes and 0 folders.
[2024.04.24-03.03.33:585][  0]LogContentBrowser: Native class hierarchy updated for 'SceneOutliner' in 0.0005 seconds. Added 1 classes and 2 folders.
[2024.04.24-03.03.34:108][  0]LogCrashTracker: Crashtracker disabled due to settings.
[2024.04.24-03.03.34:201][  0]LogSlate: Took 0.005697 seconds to synchronously load lazily loaded font '../../../Engine/Content/Slate/Fonts/Roboto-Regular.ttf' (155K)
[2024.04.24-03.03.34:216][  0]LogSlate: Took 0.011915 seconds to synchronously load lazily loaded font '../../../Engine/Content/Slate/Fonts/Roboto-Bold.ttf' (160K)
[2024.04.24-03.03.34:259][  0]LogSlate: Took 0.013404 seconds to synchronously load lazily loaded font '../../../Engine/Content/Editor/Slate/Fonts/FontAwesome.ttf' (139K)
[2024.04.24-03.03.34:273][  0]LogSlate: Took 0.010640 seconds to synchronously load lazily loaded font '../../../Engine/Content/Editor/Slate/Fonts/DroidSansMono.ttf' (77K)
[2024.04.24-03.03.34:479][  0]LogRenderer: Reallocating scene render targets to support 1208x576 NumSamples 1 (Frame:1).
[2024.04.24-03.03.34:952][  0]LogUObjectGlobals:Warning: Failed to find object 'Class None.'
[2024.04.24-03.03.35:085][  0]LogContentBrowser: Native class hierarchy updated for 'HierarchicalLODOutliner' in 0.0013 seconds. Added 1 classes and 2 folders.
[2024.04.24-03.03.35:086][  0]LogLoad: (Engine Initialization) Total time: 58.32 seconds
[2024.04.24-03.03.35:086][  0]LogLoad: (Engine Initialization) Total Blueprint compile time: 0.41 seconds
[2024.04.24-03.03.35:086][  0]LogExternalProfiler: No external profilers were discovered.  External profiling features will not be available.
[2024.04.24-03.03.35:439][  0]LogOcInput: OculusInput pre-init called
[2024.04.24-03.03.35:439][  0]LogHMD: Starting GearVRController plugin
[2024.04.24-03.03.35:523][  0]LogContentStreaming: Texture pool size now 1000 MB
[2024.04.24-03.03.35:775][  1]LogAssetRegistry: Asset discovery search completed in 36.1414 seconds
[2024.04.24-03.03.35:777][  1]LogCollectionManager: Rebuilt the object cache for 0 collections in 0.000001 seconds (found 0 objects)
[2024.04.24-03.03.35:777][  1]LogCollectionManager: Fixed up redirectors for 0 collections in 0.000133 seconds (updated 0 objects)
[2024.04.24-03.03.39:802][ 13]LogSlate: Took 0.011178 seconds to synchronously load lazily loaded font '../../../Engine/Content/Slate/Fonts/Roboto-Light.ttf' (159K)
