Log file open, 04/21/24 22:56:34
LogInit:Display: Running engine without a game
LogPlatformFile: Not using cached read wrapper
LogInit:Display: Loading recent project file: C:/Users/suvan/Documents/Unreal Projects/FortTest/SourceCode/FortniteGame/FortniteGame.uproject
LogInit:Display: RandInit(-4721315) SRandInit(-4721315).
LogTaskGraph: Started task graph with 5 named threads and 8 total threads with 1 sets of task threads.
LogStats: Stats thread started at 0.720901
LogInit: Using libcurl 7.47.1
LogInit:  - built for x86_64-pc-win32
LogInit:  - supports SSL with OpenSSL/1.0.2g
LogInit:  - supports HTTP deflate (compression) using libz 1.2.8
LogInit:  - other features:
LogInit:      CURL_VERSION_SSL
LogInit:      CURL_VERSION_LIBZ
LogInit:      CURL_VERSION_IPV6
LogInit:      CURL_VERSION_ASYNCHDNS
LogInit:      CURL_VERSION_LARGEFILE
LogInit:      CURL_VERSION_IDN
LogInit:  CurlRequestOptions (configurable via config and command line):
LogInit:  - bVerifyPeer = false  - Libcurl will NOT verify peer certificate
LogInit:  - bUseHttpProxy = false  - Libcurl will NOT use HTTP proxy
LogInit:  - bDontReuseConnections = false  - Libcurl will reuse connections
LogInit:  - CertBundlePath = nullptr  - Libcurl will use whatever was configured at build time.
LogInit: Build: ++UE4+Release-4.16-CL-3561208
LogInit: Engine Version: 4.16.3-3561208+++UE4+Release-4.16
LogInit: Compatible Engine Version: 4.16.0-3452394+++UE4+Release-4.16
LogInit: Net CL: 3452394
LogDevObjectVersion: Number of dev versions registered: 16
LogDevObjectVersion:   Dev-Blueprints (B0D832E4-1F89-4F0D-ACCF-7EB736FD4AA2): 9
LogDevObjectVersion:   Dev-Build (E1C64328-A22C-4D53-A36C-8E866417BD8C): 0
LogDevObjectVersion:   Dev-Core (375EC13C-06E4-48FB-B500-84F0262A717E): 2
LogDevObjectVersion:   Dev-Editor (E4B068ED-F494-42E9-A231-DA0B2E46BB41): 17
LogDevObjectVersion:   Dev-Framework (CFFC743F-43B0-4480-9391-14DF171D2073): 23
LogDevObjectVersion:   Dev-Mobile (B02B49B5-BB20-44E9-A304-32B752E40360): 0
LogDevObjectVersion:   Dev-Networking (A4E4105C-59A1-49B5-A7C5-40C4547EDFEE): 0
LogDevObjectVersion:   Dev-Online (39C831C9-5AE6-47DC-9A44-9C173E1C8E7C): 0
LogDevObjectVersion:   Dev-Physics (78F01B33-EBEA-4F98-B9B4-84EACCB95AA2): 0
LogDevObjectVersion:   Dev-Platform (6631380F-2D4D-43E0-8009-CF276956A95A): 0
LogDevObjectVersion:   Dev-Rendering (12F88B9F-8875-4AFC-A67C-D90C383ABD29): 15
LogDevObjectVersion:   Dev-Sequencer (7B5AE74C-D270-4C10-A958-57980B212A5A): 4
LogDevObjectVersion:   Dev-VR (D7296918-1DD6-4BDD-9DE2-64A83CC13884): 0
LogDevObjectVersion:   Dev-LoadTimes (C2A15278-BFE7-4AFE-6C17-90FF531DF755): 1
LogDevObjectVersion:   Private-Geometry (6EACA3D4-40EC-4CC1-B786-8BED09428FC5): 1
LogDevObjectVersion:   Dev-AnimPhys (29E575DD-E0A3-4627-9D10-D276232CDCEA): 3
LogInit: Compiled (64-bit): Jul 28 2017 11:49:47
LogInit: Compiled with Visual C++: 19.00.24215.01
LogInit: Build Configuration: Development
LogInit: Branch Name: ++UE4+Release-4.16
LogInit: Command line: -AUTH_LOGIN=unused -AUTH_PASSWORD=97cb89750e7b4aefaca96dabd4778797 -AUTH_TYPE=exchangecode -epicapp=UE_4.16 -epicenv=Prod -EpicPortal  -epicusername="blizzard325" -epicuserid=cacf155719304758a437fef752f26735 -epiclocale=en -epicsandboxid=ue
LogInit: Base directory: D:/Epic Games/UE_4.16/Engine/Binaries/Win64/
LogInit: Installed Engine Build: 1
LogInit: Presizing for max 8388607 objects, including 0 objects not considered by GC, pre-allocating 0 bytes for permanent pool.
LogInit: Object subsystem initialized
[2024.04.22-05.56.35:149][  0]LogInit: Selected Device Profile: [Windows]
[2024.04.22-05.56.35:149][  0]LogInit: Applying CVar settings loaded from the selected device profile: [Windows]
[2024.04.22-05.56.35:189][  0]LogInit: Computer: DESKTOP-07LGBFF
[2024.04.22-05.56.35:189][  0]LogInit: User: suvan
[2024.04.22-05.56.35:189][  0]LogInit: CPU Page size=4096, Cores=4
[2024.04.22-05.56.35:189][  0]LogInit: High frequency timer resolution =10.000000 MHz
[2024.04.22-05.56.35:190][  0]LogMemory: Memory total: Physical=15.9GB (16GB approx)
[2024.04.22-05.56.35:190][  0]LogMemory: Platform Memory Stats for Windows
[2024.04.22-05.56.35:190][  0]LogMemory: Process Physical Memory: 275.38 MB used, 275.38 MB peak
[2024.04.22-05.56.35:190][  0]LogMemory: Process Virtual Memory: 260.86 MB used, 260.86 MB peak
[2024.04.22-05.56.35:190][  0]LogMemory: Physical Memory: 6768.15 MB used,  9549.30 MB free, 16317.45 MB total
[2024.04.22-05.56.35:190][  0]LogMemory: Virtual Memory: 4759.09 MB used,  9549.30 MB free, 134217728.00 MB total
[2024.04.22-05.56.36:023][  0]LogInit: Using OS detected language (en-US).
[2024.04.22-05.56.36:023][  0]LogInit: Using OS detected locale (en-US).
[2024.04.22-05.56.36:310][  0]LogTextLocalizationManager: No specific localization for 'en-US' exists, so the 'en' localization will be used.
[2024.04.22-05.56.42:292][  0]LogD3D11RHI: D3D11 adapters:
[2024.04.22-05.56.42:351][  0]LogD3D11RHI:    0. 'Radeon RX 580 Series' (Feature Level 11_0)
[2024.04.22-05.56.42:351][  0]LogD3D11RHI:       8170/0/8158 MB DedicatedVideo/DedicatedSystem/SharedSystem, Outputs:2, VendorId:0x1002
[2024.04.22-05.56.42:353][  0]LogD3D11RHI:    1. 'Microsoft Basic Render Driver' (Feature Level 11_0)
[2024.04.22-05.56.42:353][  0]LogD3D11RHI:       0/0/8158 MB DedicatedVideo/DedicatedSystem/SharedSystem, Outputs:0, VendorId:0x1414
[2024.04.22-05.56.42:353][  0]LogD3D11RHI: Chosen D3D11 Adapter: 0
[2024.04.22-05.56.42:373][  0]LogD3D11RHI: Creating new Direct3DDevice
[2024.04.22-05.56.42:373][  0]LogD3D11RHI:     GPU DeviceId: 0x67df (for the marketing name, search the web for "GPU Device Id")
[2024.04.22-05.56.42:373][  0]LogWindows: EnumDisplayDevices:
[2024.04.22-05.56.42:373][  0]LogWindows:    0. 'Radeon RX 580 Series' (P:0 D:1)
[2024.04.22-05.56.42:373][  0]LogWindows:    1. 'Radeon RX 580 Series' (P:1 D:1)
[2024.04.22-05.56.42:373][  0]LogWindows:    2. 'Radeon RX 580 Series' (P:0 D:0)
[2024.04.22-05.56.42:374][  0]LogWindows:    3. 'Radeon RX 580 Series' (P:0 D:0)
[2024.04.22-05.56.42:374][  0]LogWindows:    4. 'Radeon RX 580 Series' (P:0 D:0)
[2024.04.22-05.56.42:374][  0]LogWindows:    5. 'Radeon RX 580 Series' (P:0 D:0)
[2024.04.22-05.56.42:375][  0]LogWindows:    6. 'Radeon RX 580 Series' (P:0 D:0)
[2024.04.22-05.56.42:375][  0]LogWindows: DebugString: GetVideoDriverDetailsInvalid PrimaryIsNotTheChoosenAdapter GetVideoDriverDetailsInvalid PrimaryIsNotTheChoosenAdapter GetVideoDriverDetailsInvalid PrimaryIsNotTheChoosenAdapter GetVideoDriverDetailsInvalid PrimaryIsNotTheChoosenAdapter GetVideoDriverDetailsInvalid PrimaryIsNotTheChoosenAdapter GetVideoDriverDetailsInvalid PrimaryIsNotTheChoosenAdapter GetVideoDriverDetailsInvalid PrimaryIsNotTheChoosenAdapter FoundDriverCount:0 
[2024.04.22-05.56.42:375][  0]LogD3D11RHI:     Adapter Name: Radeon RX 580 Series
[2024.04.22-05.56.42:375][  0]LogD3D11RHI:   Driver Version: Unknown (internal:Unknown, unified:Unknown)
[2024.04.22-05.56.42:375][  0]LogD3D11RHI:      Driver Date: Unknown
[2024.04.22-05.56.42:375][  0]LogRHI: Texture pool is 1361 MB (70% of 1945 MB)
[2024.04.22-05.56.42:482][  0]LogD3D11RHI: Async texture creation enabled
[2024.04.22-05.56.42:728][  0]LogD3D11RHI: GPU Timing Frequency: 25.000000 (Debug: 2 1)
[2024.04.22-05.56.42:771][  0]LogShaderCompilers: Guid format shader working directory is -27 characters bigger than the processId version (C:/Users/suvan/Documents/Unreal Projects/FortTest/SourceCode/FortniteGame/Intermediate/Shaders/WorkingDirectory/1212/).
[2024.04.22-05.56.42:771][  0]LogShaderCompilers: Cleaned the shader compiler working directory 'C:/Users/suvan/AppData/Local/Temp/UnrealShaderWorkingDir/2AF231FF429F6CEF127DA29EA89B8067/'.
[2024.04.22-05.56.42:772][  0]LogShaderCompilers:Display: Using Local Shader Compiler.
[2024.04.22-05.56.47:474][  0]LogTemp:Display: Loaded TP AllDesktopTargetPlatform
[2024.04.22-05.56.47:534][  0]LogTemp:Display: Loaded TP MacClientTargetPlatform
[2024.04.22-05.56.47:593][  0]LogTemp:Display: Loaded TP MacNoEditorTargetPlatform
[2024.04.22-05.56.47:657][  0]LogTemp:Display: Loaded TP MacServerTargetPlatform
[2024.04.22-05.56.47:740][  0]LogTemp:Display: Loaded TP MacTargetPlatform
[2024.04.22-05.56.47:801][  0]LogTemp:Display: Loaded TP WindowsClientTargetPlatform
[2024.04.22-05.56.47:877][  0]LogTemp:Display: Loaded TP WindowsNoEditorTargetPlatform
[2024.04.22-05.56.47:936][  0]LogTemp:Display: Loaded TP WindowsServerTargetPlatform
[2024.04.22-05.56.47:989][  0]LogTemp:Display: Loaded TP WindowsTargetPlatform
[2024.04.22-05.56.48:060][  0]LogTemp:Display: Loaded TP AndroidTargetPlatform
[2024.04.22-05.56.48:179][  0]LogTemp:Display: Loaded TP Android_ASTCTargetPlatform
[2024.04.22-05.56.48:247][  0]LogTemp:Display: Loaded TP Android_ATCTargetPlatform
[2024.04.22-05.56.48:313][  0]LogTemp:Display: Loaded TP Android_DXTTargetPlatform
[2024.04.22-05.56.48:370][  0]LogTemp:Display: Loaded TP Android_ETC1TargetPlatform
[2024.04.22-05.56.48:424][  0]LogTemp:Display: Loaded TP Android_ETC2TargetPlatform
[2024.04.22-05.56.48:544][  0]LogTemp:Display: Loaded TP Android_MultiTargetPlatform
[2024.04.22-05.56.48:544][  0]LogTemp:Display: Loaded TP Android_PVRTCTargetPlatform
[2024.04.22-05.56.48:592][  0]LogTemp:Display: Loaded TP HTML5TargetPlatform
[2024.04.22-05.56.48:828][  0]LogTemp:Display: Loaded TP IOSTargetPlatform
[2024.04.22-05.56.48:861][  0]LogTemp:Display: Loaded TP TVOSTargetPlatform
[2024.04.22-05.56.48:918][  0]LogTemp:Display: Loaded TP LinuxClientTargetPlatform
[2024.04.22-05.56.48:982][  0]LogTemp:Display: Loaded TP LinuxNoEditorTargetPlatform
[2024.04.22-05.56.49:034][  0]LogTemp:Display: Loaded TP LinuxServerTargetPlatform
[2024.04.22-05.56.49:091][  0]LogTemp:Display: Loaded TP LinuxTargetPlatform
[2024.04.22-05.56.49:091][  0]LogTargetPlatformManager:Display: Building Assets For Windows
[2024.04.22-05.56.50:751][  0]LogDerivedDataCache:Display: Max Cache Size: 512 MB
[2024.04.22-05.56.50:779][  0]LogDerivedDataCache: Loaded boot cache 0.03s 5MB C:/Users/suvan/AppData/Local/UnrealEngine/4.16/DerivedDataCache/Boot.ddc.
[2024.04.22-05.56.50:780][  0]LogDerivedDataCache:Display: Loaded Boot cache: C:/Users/suvan/AppData/Local/UnrealEngine/4.16/DerivedDataCache/Boot.ddc
[2024.04.22-05.56.50:780][  0]LogDerivedDataCache: FDerivedDataBackendGraph:  Pak pak cache file C:/Users/suvan/Documents/Unreal Projects/FortTest/SourceCode/FortniteGame/DerivedDataCache/DDC.ddp not found, will not use a pak cache.
[2024.04.22-05.56.50:780][  0]LogDerivedDataCache: Unable to find inner node Pak for hierarchical cache Hierarchy.
[2024.04.22-05.56.50:780][  0]LogDerivedDataCache: FDerivedDataBackendGraph:  CompressedPak pak cache file C:/Users/suvan/Documents/Unreal Projects/FortTest/SourceCode/FortniteGame/DerivedDataCache/Compressed.ddp not found, will not use a pak cache.
[2024.04.22-05.56.50:780][  0]LogDerivedDataCache: Unable to find inner node CompressedPak for hierarchical cache Hierarchy.
[2024.04.22-05.56.50:889][  0]LogDerivedDataCache:Display: Pak cache opened for reading ../../../Engine/DerivedDataCache/Compressed.ddp.
[2024.04.22-05.56.50:904][  0]LogDerivedDataCache: Using Local data cache path C:/Users/suvan/AppData/Local/UnrealEngine/Common/DerivedDataCache: Writable
[2024.04.22-05.56.51:037][  0]LogMaterial: Verifying Global Shaders for PCD3D_SM5
[2024.04.22-05.56.51:111][  0]LogSlate: Using Freetype 2.6.0
[2024.04.22-05.56.51:251][  0]LogSlate: SlateFontCache - WITH_FREETYPE: 1, WITH_HARFBUZZ: 1
[2024.04.22-05.56.51:251][  0]LogSlate: SlateFontCache - WITH_FREETYPE: 1, WITH_HARFBUZZ: 1
[2024.04.22-05.57.02:140][  0]LogInit: Selected Device Profile: [Windows]
[2024.04.22-05.57.03:630][  0]LogContentStreaming: Texture pool size is 0.00 MB
[2024.04.22-05.57.04:526][  0]LogMeshUtilities: Using QuadricMeshReduction for automatic static mesh reduction
[2024.04.22-05.57.04:675][  0]LogSimplygon: Simplygon DLL not present - disabling.
[2024.04.22-05.57.04:812][  0]LogMeshUtilities: Using SimplygonSwarm for distributed automatic mesh merging
[2024.04.22-05.57.04:812][  0]LogMeshUtilities: No automatic skeletal mesh reduction module available
[2024.04.22-05.57.04:812][  0]LogMeshUtilities: No automatic mesh merging module available
[2024.04.22-05.57.13:410][  0]LogNetVersion: FortniteGame , NetCL: 3452394, EngineNetVer: 2, GameNetVer: 0 (Checksum: 2151719328)
[2024.04.22-05.57.13:814][  0]LogAssetRegistry: FAssetRegistry took 0.0351 seconds to start up
[2024.04.22-05.57.14:109][  0]LogPackageLocalizationCache: Processed 4 localized package path(s) for 2 prioritized culture(s) in 0.187006 seconds
[2024.04.22-05.57.14:130][  0]LogUObjectArray: 34194 objects as part of root set at end of initial load.
[2024.04.22-05.57.14:130][  0]LogUObjectAllocator: 7260424 out of 0 bytes used by permanent object pool.
[2024.04.22-05.57.14:130][  0]LogUObjectArray: CloseDisregardForGC: 0/0 objects in disregard for GC pool
[2024.04.22-05.57.14:193][  0]LogInit: WinSock: version 1.1 (2.2), MaxSocks=32767, MaxUdp=65467
[2024.04.22-05.57.37:802][  0]LogTcpMessaging: Initializing TcpMessaging bridge
[2024.04.22-05.57.37:864][  0]LogUdpMessaging: Initializing bridge on interface 0.0.0.0:0 to multicast group 230.0.0.1:6666.
[2024.04.22-05.57.39:589][  0]LogMaterial: Uniform references updated for custom material expression Custom.
[2024.04.22-05.57.40:862][  0]SourceControl: Info Source control is disabled
[2024.04.22-05.57.40:864][  0]SourceControl: Info Source control is disabled
[2024.04.22-05.57.41:002][  0]SourceControl: Info Source control is disabled
[2024.04.22-05.57.41:084][  0]SourceControl: Info Source control is disabled
[2024.04.22-05.57.42:602][  0]LogAndroidPermission: UAndroidPermissionCallbackProxy::GetInstance
[2024.04.22-05.57.43:986][  0]LogEngine: Initializing Engine...
[2024.04.22-05.57.44:001][  0]LogHMD: Failed to initialize OpenVR with code 110
[2024.04.22-05.57.45:741][  0]LogStats: UGameplayTagsManager::ConstructGameplayTagTree: Construct from data asset -  0.000 s
[2024.04.22-05.57.45:741][  0]LogStats: UGameplayTagsManager::ConstructGameplayTagTree: GameplayTagTreeChangedEvent.Broadcast -  0.000 s
[2024.04.22-05.57.46:153][  0]LogAIModule: Creating AISystem for world Untitled
[2024.04.22-05.57.46:268][  0]LogInit: XAudio2 using 'Headphones (High Definition Audio Device)' : 2 channels at 48 kHz using 16 bits per sample (channel mask 0x3)
[2024.04.22-05.57.46:290][  0]LogInit: FAudioDevice initialized.
[2024.04.22-05.57.46:338][  0]LogDerivedDataCache: Saved boot cache 0.05s 90MB C:/Users/suvan/AppData/Local/UnrealEngine/4.16/DerivedDataCache/Boot.ddc.
[2024.04.22-05.57.46:356][  0]LogInit: Texture streaming: Enabled
[2024.04.22-05.57.46:498][  0]LogEngineSessionManager: EngineSessionManager initialized
[2024.04.22-05.57.47:112][  0]LogInit: Transaction tracking system initialized
[2024.04.22-05.57.47:715][  0]BlueprintLog: New page: Editor Load
[2024.04.22-05.57.49:477][  0]LocalizationService: Info Localization service is disabled
[2024.04.22-05.57.50:803][  0]LogConsoleResponse:Display: 
[2024.04.22-05.57.53:777][  0]LogFileCache: Scanning file cache for directory 'C:/Users/suvan/Documents/Unreal Projects/FortTest/SourceCode/FortniteGame/Content/' took 0.02s
[2024.04.22-05.57.53:777][  0]LogCook:Display: Max memory allowance for cook 16384mb min free memory 0mb
[2024.04.22-05.57.53:777][  0]LogCook:Display: Mobile HDR setting 1
[2024.04.22-05.57.56:560][  0]SourceControl: Info Source control is disabled
[2024.04.22-05.57.56:589][  0]Cmd: MAP LOAD FILE="../../../Engine/Content/Maps/Templates/Template_Default.umap" TEMPLATE=1 SHOWPROGRESS=1 FEATURELEVEL=3
[2024.04.22-05.57.56:676][  0]LightingResults: New page: Lighting Build
[2024.04.22-05.57.56:857][  0]MapCheck: New page: Map Check
[2024.04.22-05.57.56:857][  0]LightingResults: New page: Lighting Build
[2024.04.22-05.57.58:125][  0]LogAIModule: Creating AISystem for world Untitled_1
[2024.04.22-05.57.58:147][  0]LogActorComponent: RegisterComponentWithWorld: (/Temp/Untitled_1.Untitled_1:PersistentLevel.WorldSettings_1.StaticMeshComponent0) Trying to register component with IsPendingKill() == true. Aborting.
[2024.04.22-05.57.58:617][  0]LogEditorServer: Finished looking for orphan Actors (0.000 secs)
[2024.04.22-05.57.58:670][  0]Cmd: MAP CHECKDEP NOCLEARLOG
[2024.04.22-05.57.58:740][  0]MapCheck: Info Map check complete: 0 Error(s), 0 Warning(s), took 60.884ms to complete.
[2024.04.22-05.57.58:740][  0]LogFileHelpers: Loading map 'Template_Default' took 2.162
[2024.04.22-05.58.00:643][  0]LogCollectionManager: Loaded 0 collections in 0.001702 seconds
[2024.04.22-05.58.00:820][  0]LogFileCache: Scanning file cache for directory 'C:/Users/suvan/Documents/Unreal Projects/FortTest/SourceCode/FortniteGame/Saved/Collections/' took 0.01s
[2024.04.22-05.58.00:820][  0]LogFileCache: Scanning file cache for directory 'C:/Users/suvan/Documents/Unreal Projects/FortTest/SourceCode/FortniteGame/Content/Developers/suvan/Collections/' took 0.01s
[2024.04.22-05.58.00:820][  0]LogFileCache: Scanning file cache for directory 'C:/Users/suvan/Documents/Unreal Projects/FortTest/SourceCode/FortniteGame/Content/Collections/' took 0.01s
[2024.04.22-05.58.00:820][  0]LogCollectionManager: Rebuilt the GUID cache for 0 collections in 0.000014 seconds
[2024.04.22-05.58.00:852][  0]LogContentBrowser: Native class hierarchy populated in 0.0187 seconds. Added 2329 classes and 491 folders.
[2024.04.22-05.58.00:974][  0]LogContentBrowser: Native class hierarchy updated for 'WidgetCarousel' in 0.0005 seconds. Added 0 classes and 0 folders.
[2024.04.22-05.58.02:341][  0]LogContentBrowser: Native class hierarchy updated for 'AddContentDialog' in 0.0006 seconds. Added 0 classes and 0 folders.
[2024.04.22-05.58.02:479][  0]LogContentBrowser: Native class hierarchy updated for 'SceneOutliner' in 0.0008 seconds. Added 1 classes and 2 folders.
[2024.04.22-05.58.03:046][  0]LogCrashTracker: Crashtracker disabled due to settings.
[2024.04.22-05.58.03:180][  0]LogSlate: Took 0.018449 seconds to synchronously load lazily loaded font '../../../Engine/Content/Slate/Fonts/Roboto-Regular.ttf' (155K)
[2024.04.22-05.58.03:197][  0]LogSlate: Took 0.015784 seconds to synchronously load lazily loaded font '../../../Engine/Content/Slate/Fonts/Roboto-Bold.ttf' (160K)
[2024.04.22-05.58.03:231][  0]LogSlate: Took 0.017889 seconds to synchronously load lazily loaded font '../../../Engine/Content/Editor/Slate/Fonts/FontAwesome.ttf' (139K)
[2024.04.22-05.58.03:567][  0]LogRenderer: Reallocating scene render targets to support 1208x576 NumSamples 1 (Frame:1).
[2024.04.22-05.58.04:061][  0]LogUObjectGlobals:Warning: Failed to find object 'Class None.'
[2024.04.22-05.58.04:180][  0]LogContentBrowser: Native class hierarchy updated for 'HierarchicalLODOutliner' in 0.0009 seconds. Added 1 classes and 2 folders.
[2024.04.22-05.58.04:181][  0]LogLoad: (Engine Initialization) Total time: 95.62 seconds
[2024.04.22-05.58.04:181][  0]LogLoad: (Engine Initialization) Total Blueprint compile time: 0.64 seconds
[2024.04.22-05.58.04:181][  0]LogExternalProfiler: No external profilers were discovered.  External profiling features will not be available.
[2024.04.22-05.58.04:541][  0]LogOcInput: OculusInput pre-init called
[2024.04.22-05.58.04:541][  0]LogHMD: Starting GearVRController plugin
[2024.04.22-05.58.04:697][  0]LogContentStreaming: Texture pool size now 1000 MB
[2024.04.22-05.58.04:892][  1]LogAssetRegistry: Asset discovery search completed in 51.1003 seconds
[2024.04.22-05.58.04:893][  1]LogCollectionManager: Rebuilt the object cache for 0 collections in 0.000000 seconds (found 0 objects)
[2024.04.22-05.58.04:893][  1]LogCollectionManager: Fixed up redirectors for 0 collections in 0.000051 seconds (updated 0 objects)
[2024.04.22-05.58.05:552][  3]LogSlate: Took 0.023581 seconds to synchronously load lazily loaded font '../../../Engine/Content/Slate/Fonts/Roboto-Light.ttf' (159K)
[2024.04.22-05.58.08:897][ 13]LogSlate: Took 0.000631 seconds to synchronously load lazily loaded font '../../../Engine/Content/Slate/Fonts/Roboto-Light.ttf' (159K)
[2024.04.22-07.16.37:235][987]LogDirectoryWatcher:Warning: Failed to begin reading directory changes for C:/Users/suvan/Documents/Unreal Projects/FortTest/SourceCode/FortniteGame/Plugins/. Error: The system cannot find the file specified. (0x00000002)
[2024.04.22-07.18.34:082][775]LogDirectoryWatcher: A directory notification for '../../../Engine/Plugins/' was aborted.
[2024.04.22-07.18.37:123][109]LogSlate: Took 0.004933 seconds to synchronously load lazily loaded font '../../../Engine/Content/Slate/Fonts/Roboto-Light.ttf' (159K)
[2024.04.22-07.18.37:272][109]LogSlate: Took 0.019163 seconds to synchronously load lazily loaded font '../../../Engine/Content/Editor/Slate/Fonts/Roboto-BoldCondensed.ttf' (158K)
[2024.04.22-07.24.11:321][910]LogEditorViewport: Clicking on Actor (LMB): BP_Sky_Sphere_C (Sky Sphere)
[2024.04.22-07.46.03:401][427]Cmd: QUIT_EDITOR
[2024.04.22-07.46.03:753][427]LogWindowsTextInputMethodSystem:Display: IME system now deactivated.
[2024.04.22-07.46.03:812][427]LogExit: Preparing to exit.
[2024.04.22-07.46.05:515][427]LogExit: Editor shut down
[2024.04.22-07.46.05:545][427]LogExit: Transaction tracking system shut down
[2024.04.22-07.46.07:264][427]LogObj: Freed 0b from 0 cluster array pools.
[2024.04.22-07.46.07:265][427]LogExit: Object subsystem successfully closed.
[2024.04.22-07.46.07:458][427]LogD3D11RHI: Shutdown
[2024.04.22-07.46.07:458][427]LogD3D11RHI: CleanupD3DDevice
[2024.04.22-07.46.07:563][427]LogD3D11RHI: ~FD3D11DynamicRHI
[2024.04.22-07.46.08:448][427]LogModuleManager: Shutting down and abandoning module HierarchicalLODOutliner (524)
[2024.04.22-07.46.08:478][427]LogModuleManager: Shutting down and abandoning module CrashTracker (522)
[2024.04.22-07.46.08:478][427]LogModuleManager: Shutting down and abandoning module SceneOutliner (520)
[2024.04.22-07.46.08:486][427]LogModuleManager: Shutting down and abandoning module AddContentDialog (518)
[2024.04.22-07.46.08:502][427]LogDirectoryWatcher: A directory notification for 'D:/Epic Games/UE_4.16/FeaturePacks/' was aborted.
[2024.04.22-07.46.08:517][427]LogModuleManager: Shutting down and abandoning module WidgetCarousel (517)
[2024.04.22-07.46.08:517][427]LogModuleManager: Shutting down and abandoning module EditorWidgets (514)
[2024.04.22-07.46.08:517][427]LogModuleManager: Shutting down and abandoning module CollectionManager (512)
[2024.04.22-07.46.08:517][427]LogDirectoryWatcher: A directory notification for 'C:/Users/suvan/Documents/Unreal Projects/FortTest/SourceCode/FortniteGame/Content/Collections/' was aborted.
[2024.04.22-07.46.08:518][427]LogDirectoryWatcher: A directory notification for 'C:/Users/suvan/Documents/Unreal Projects/FortTest/SourceCode/FortniteGame/Content/Developers/suvan/Collections/' was aborted.
[2024.04.22-07.46.08:518][427]LogDirectoryWatcher: A directory notification for 'C:/Users/suvan/Documents/Unreal Projects/FortTest/SourceCode/FortniteGame/Saved/Collections/' was aborted.
[2024.04.22-07.46.08:518][427]LogModuleManager: Shutting down and abandoning module StatsViewer (510)
[2024.04.22-07.46.08:528][427]LogModuleManager: Shutting down and abandoning module FoliageEdit (508)
[2024.04.22-07.46.08:528][427]LogModuleManager: Shutting down and abandoning module LandscapeEditor (506)
[2024.04.22-07.46.08:557][427]LogModuleManager: Shutting down and abandoning module MeshPaintMode (504)
[2024.04.22-07.46.08:557][427]LogModuleManager: Shutting down and abandoning module SceneDepthPickerMode (502)
[2024.04.22-07.46.08:557][427]LogModuleManager: Shutting down and abandoning module ActorPickerMode (500)
[2024.04.22-07.46.08:557][427]LogModuleManager: Shutting down and abandoning module GeometryMode (498)
[2024.04.22-07.46.08:557][427]LogModuleManager: Shutting down and abandoning module TextureAlignMode (496)
[2024.04.22-07.46.08:557][427]LogModuleManager: Shutting down and abandoning module BspMode (494)
[2024.04.22-07.46.08:567][427]LogModuleManager: Shutting down and abandoning module HardwareSurvey (492)
[2024.04.22-07.46.08:575][427]LogModuleManager: Shutting down and abandoning module SequenceRecorderSections (490)
[2024.04.22-07.46.08:588][427]LogModuleManager: Shutting down and abandoning module AutomationWorker (488)
[2024.04.22-07.46.08:599][427]LogModuleManager: Shutting down and abandoning module MatineeToLevelSequence (486)
[2024.04.22-07.46.08:607][427]LogModuleManager: Shutting down and abandoning module LevelSequenceEditor (484)
[2024.04.22-07.46.08:712][427]LogModuleManager: Shutting down and abandoning module PlacementMode (483)
[2024.04.22-07.46.08:712][427]LogModuleManager: Shutting down and abandoning module WmfMediaFactory (480)
[2024.04.22-07.46.08:712][427]LogModuleManager: Shutting down and abandoning module WmfMediaEditor (478)
[2024.04.22-07.46.08:712][427]LogModuleManager: Shutting down and abandoning module AvfMediaFactory (476)
[2024.04.22-07.46.08:712][427]LogModuleManager: Shutting down and abandoning module AvfMediaEditor (474)
[2024.04.22-07.46.08:712][427]LogModuleManager: Shutting down and abandoning module AndroidMediaFactory (472)
[2024.04.22-07.46.08:712][427]LogModuleManager: Shutting down and abandoning module Media (471)
[2024.04.22-07.46.08:712][427]LogModuleManager: Shutting down and abandoning module AndroidMediaEditor (468)
[2024.04.22-07.46.08:712][427]LogModuleManager: Shutting down and abandoning module CharacterAI (466)
[2024.04.22-07.46.08:712][427]LogModuleManager: Shutting down and abandoning module AudioCapture (464)
[2024.04.22-07.46.08:726][427]LogModuleManager: Shutting down and abandoning module SequenceRecorder (463)
[2024.04.22-07.46.08:766][427]LogModuleManager: Shutting down and abandoning module SmartSnapping (460)
[2024.04.22-07.46.08:766][427]LogModuleManager: Shutting down and abandoning module SessionServices (458)
[2024.04.22-07.46.08:766][427]LogModuleManager: Shutting down and abandoning module ViewportSnapping (456)
[2024.04.22-07.46.08:766][427]LogModuleManager: Shutting down and abandoning module ViewportInteraction (454)
[2024.04.22-07.46.08:766][427]LogModuleManager: Shutting down and abandoning module ClothPainter (452)
[2024.04.22-07.46.08:789][427]LogModuleManager: Shutting down and abandoning module LogVisualizer (450)
[2024.04.22-07.46.08:789][427]LogModuleManager: Shutting down and abandoning module IntroTutorials (448)
[2024.04.22-07.46.08:804][427]LogModuleManager: Shutting down and abandoning module GameProjectGeneration (447)
[2024.04.22-07.46.08:804][427]LogModuleManager: Shutting down and abandoning module EditorLiveStreaming (444)
[2024.04.22-07.46.08:804][427]LogModuleManager: Shutting down and abandoning module IOSPlatformEditor (442)
[2024.04.22-07.46.08:823][427]LogModuleManager: Shutting down and abandoning module HTML5PlatformEditor (440)
[2024.04.22-07.46.08:823][427]LogModuleManager: Shutting down and abandoning module AndroidPlatformEditor (438)
[2024.04.22-07.46.08:823][427]LogModuleManager: Shutting down and abandoning module AndroidDeviceDetection (437)
[2024.04.22-07.46.09:759][427]LogModuleManager: Shutting down and abandoning module IOSRuntimeSettings (434)
[2024.04.22-07.46.09:759][427]LogModuleManager: Shutting down and abandoning module AndroidRuntimeSettings (432)
[2024.04.22-07.46.09:759][427]LogModuleManager: Shutting down and abandoning module InputBindingEditor (430)
[2024.04.22-07.46.09:774][427]LogModuleManager: Shutting down and abandoning module MergeActors (428)
[2024.04.22-07.46.09:780][427]LogModuleManager: Shutting down and abandoning module SizeMap (426)
[2024.04.22-07.46.09:780][427]LogModuleManager: Shutting down and abandoning module TreeMap (424)
[2024.04.22-07.46.09:790][427]LogModuleManager: Shutting down and abandoning module ReferenceViewer (422)
[2024.04.22-07.46.09:804][427]LogModuleManager: Shutting down and abandoning module LocalizationDashboard (420)
[2024.04.22-07.46.09:828][427]LogModuleManager: Shutting down and abandoning module LocalizationService (419)
[2024.04.22-07.46.09:839][427]LogModuleManager: Shutting down and abandoning module HardwareTargeting (416)
[2024.04.22-07.46.09:839][427]LogModuleManager: Shutting down and abandoning module DeviceProfileEditor (414)
[2024.04.22-07.46.09:848][427]LogModuleManager: Shutting down and abandoning module UndoHistory (412)
[2024.04.22-07.46.09:866][427]LogModuleManager: Shutting down and abandoning module UserFeedback (410)
[2024.04.22-07.46.09:866][427]LogModuleManager: Shutting down and abandoning module XmlParser (408)
[2024.04.22-07.46.09:888][427]LogModuleManager: Shutting down and abandoning module Blutility (406)
[2024.04.22-07.46.09:901][427]LogModuleManager: Shutting down and abandoning module ProjectSettingsViewer (404)
[2024.04.22-07.46.09:901][427]LogModuleManager: Shutting down and abandoning module ProjectTargetPlatformEditor (403)
[2024.04.22-07.46.09:901][427]LogModuleManager: Shutting down and abandoning module EditorSettingsViewer (400)
[2024.04.22-07.46.09:924][427]LogModuleManager: Shutting down and abandoning module SettingsEditor (398)
[2024.04.22-07.46.09:942][427]LogModuleManager: Shutting down and abandoning module ProjectLauncher (396)
[2024.04.22-07.46.09:961][427]LogModuleManager: Shutting down and abandoning module SessionFrontend (394)
[2024.04.22-07.46.09:966][427]LogModuleManager: Shutting down and abandoning module ProfilerClient (392)
[2024.04.22-07.46.09:992][427]LogModuleManager: Shutting down and abandoning module DeviceManager (390)
[2024.04.22-07.46.10:007][427]LogModuleManager: Shutting down and abandoning module TargetDeviceServices (389)
[2024.04.22-07.46.10:051][427]LogModuleManager: Shutting down and abandoning module AutomationController (386)
[2024.04.22-07.46.10:072][427]LogModuleManager: Shutting down and abandoning module AutomationWindow (384)
[2024.04.22-07.46.10:091][427]LogModuleManager: Shutting down and abandoning module Layers (382)
[2024.04.22-07.46.10:105][427]LogModuleManager: Shutting down and abandoning module ComponentVisualizers (380)
[2024.04.22-07.46.10:105][427]LogModuleManager: Shutting down and abandoning module DetailCustomizations (378)
[2024.04.22-07.46.10:116][427]LogModuleManager: Shutting down and abandoning module PackagesDialog (376)
[2024.04.22-07.46.10:131][427]LogModuleManager: Shutting down and abandoning module Persona (374)
[2024.04.22-07.46.10:173][427]LogModuleManager: Shutting down and abandoning module AdvancedPreviewScene (373)
[2024.04.22-07.46.10:173][427]LogModuleManager: Shutting down and abandoning module AnimGraph (371)
[2024.04.22-07.46.10:173][427]LogModuleManager: Shutting down and abandoning module Kismet (368)
[2024.04.22-07.46.10:188][427]LogModuleManager: Shutting down and abandoning module ClassViewer (366)
[2024.04.22-07.46.10:189][427]LogModuleManager: Shutting down and abandoning module Toolbox (364)
[2024.04.22-07.46.10:197][427]LogModuleManager: Shutting down and abandoning module ModuleUI (362)
[2024.04.22-07.46.10:229][427]LogModuleManager: Shutting down and abandoning module MovieSceneTools (360)
[2024.04.22-07.46.10:244][427]LogModuleManager: Shutting down and abandoning module OutputLog (358)
[2024.04.22-07.46.10:264][427]LogModuleManager: Shutting down and abandoning module GammaUI (356)
[2024.04.22-07.46.10:287][427]LogModuleManager: Shutting down and abandoning module Documentation (354)
[2024.04.22-07.46.10:287][427]LogModuleManager: Shutting down and abandoning module MovieSceneTracks (352)
[2024.04.22-07.46.10:287][427]LogModuleManager: Shutting down and abandoning module MovieScene (350)
[2024.04.22-07.46.10:287][427]LogModuleManager: Shutting down and abandoning module Niagara (348)
[2024.04.22-07.46.10:287][427]LogModuleManager: Shutting down and abandoning module NiagaraEditor (347)
[2024.04.22-07.46.10:316][427]LogModuleManager: Shutting down and abandoning module StreamingPauseRendering (344)
[2024.04.22-07.46.10:316][427]LogModuleManager: Shutting down and abandoning module AnalyticsET (342)
[2024.04.22-07.46.10:316][427]LogModuleManager: Shutting down and abandoning module PortalServices (340)
[2024.04.22-07.46.10:316][427]LogModuleManager: Shutting down and abandoning module PortalRpc (338)
[2024.04.22-07.46.10:316][427]LogModuleManager: Shutting down and abandoning module MessagingRpc (336)
[2024.04.22-07.46.10:316][427]LogModuleManager: Shutting down and abandoning module AIModule (334)
[2024.04.22-07.46.10:316][427]LogModuleManager: Shutting down and abandoning module GameplayDebugger (333)
[2024.04.22-07.46.10:319][427]LogModuleManager: Shutting down and abandoning module AITestSuite (331)
[2024.04.22-07.46.10:333][427]LogModuleManager: Shutting down and abandoning module ProfilerService (328)
[2024.04.22-07.46.10:385][427]LogModuleManager: Shutting down and abandoning module TaskGraph (326)
[2024.04.22-07.46.10:415][427]LogModuleManager: Shutting down and abandoning module SteamVRController (324)
[2024.04.22-07.46.10:415][427]LogModuleManager: Shutting down and abandoning module SteamVR (322)
[2024.04.22-07.46.10:415][427]LogModuleManager: Shutting down and abandoning module ProceduralMeshComponentEditor (320)
[2024.04.22-07.46.10:424][427]LogModuleManager: Shutting down and abandoning module ProceduralMeshComponent (318)
[2024.04.22-07.46.10:435][427]LogModuleManager: Shutting down and abandoning module OculusLibrary (316)
[2024.04.22-07.46.10:435][427]LogModuleManager: Shutting down and abandoning module OculusInput (314)
[2024.04.22-07.46.10:435][427]LogModuleManager: Shutting down and abandoning module MobilePatchingUtils (312)
[2024.04.22-07.46.10:435][427]LogModuleManager: Shutting down and abandoning module CustomMeshComponent (310)
[2024.04.22-07.46.10:435][427]LogModuleManager: Shutting down and abandoning module CableComponent (308)
[2024.04.22-07.46.10:443][427]LogModuleManager: Shutting down and abandoning module ArchVisCharacter (306)
[2024.04.22-07.46.10:443][427]LogModuleManager: Shutting down and abandoning module AndroidPermission (304)
[2024.04.22-07.46.10:443][427]LogModuleManager: Shutting down and abandoning module MediaPlayerEditor (300)
[2024.04.22-07.46.10:465][427]LogModuleManager: Shutting down and abandoning module HTML5Networking (298)
[2024.04.22-07.46.10:466][427]LogModuleManager: Shutting down and abandoning module AlembicImporter (296)
[2024.04.22-07.46.10:479][427]LogModuleManager: Shutting down and abandoning module AlembicLibrary (295)
[2024.04.22-07.46.10:479][427]LogModuleManager: Shutting down and abandoning module GeometryCache (294)
[2024.04.22-07.46.10:483][427]LogModuleManager: Shutting down and abandoning module GeometryCacheEd (293)
[2024.04.22-07.46.10:483][427]LogModuleManager: Shutting down and abandoning module SuperSearchEditor (288)
[2024.04.22-07.46.10:483][427]LogModuleManager: Shutting down and abandoning module SuperSearch (287)
[2024.04.22-07.46.10:483][427]LogModuleManager: Shutting down and abandoning module SpeedTreeImporter (284)
[2024.04.22-07.46.10:483][427]LogModuleManager: Shutting down and abandoning module PluginBrowser (282)
[2024.04.22-07.46.10:483][427]LogModuleManager: Shutting down and abandoning module MobileLauncherProfileWizard (280)
[2024.04.22-07.46.10:493][427]LogModuleManager: Shutting down and abandoning module VisualStudioSourceCodeAccess (278)
[2024.04.22-07.46.10:501][427]LogModuleManager: Shutting down and abandoning module DesktopPlatform (277)
[2024.04.22-07.46.10:501][427]LogModuleManager: Shutting down and abandoning module UObjectPlugin (274)
[2024.04.22-07.46.10:501][427]LogModuleManager: Shutting down and abandoning module SubversionSourceControl (272)
[2024.04.22-07.46.10:509][427]LogModuleManager: Shutting down and abandoning module PerforceSourceControl (270)
[2024.04.22-07.46.10:530][427]LogModuleManager: Shutting down and abandoning module GitSourceControl (268)
[2024.04.22-07.46.10:543][427]LogModuleManager: Shutting down and abandoning module SourceControl (267)
[2024.04.22-07.46.10:575][427]LogModuleManager: Shutting down and abandoning module LightPropagationVolumeEditor (264)
[2024.04.22-07.46.10:575][427]LogModuleManager: Shutting down and abandoning module PaperTiledImporter (262)
[2024.04.22-07.46.10:575][427]LogModuleManager: Shutting down and abandoning module PaperSpriteSheetImporter (260)
[2024.04.22-07.46.10:575][427]LogModuleManager: Shutting down and abandoning module Paper2DEditor (258)
[2024.04.22-07.46.10:594][427]LogModuleManager: Shutting down and abandoning module MeshPaint (257)
[2024.04.22-07.46.10:604][427]LogModuleManager: Shutting down and abandoning module LevelEditor (255)
[2024.04.22-07.46.10:620][427]LogModuleManager: Shutting down and abandoning module PixelInspectorModule (254)
[2024.04.22-07.46.10:636][427]LogModuleManager: Shutting down and abandoning module MainFrame (252)
[2024.04.22-07.46.10:652][427]LogModuleManager: Shutting down and abandoning module HotReload (251)
[2024.04.22-07.46.10:660][427]LogModuleManager: Shutting down and abandoning module PhysXVehiclesEditor (246)
[2024.04.22-07.46.10:663][427]LogModuleManager: Shutting down and abandoning module PhysXVehicles (244)
[2024.04.22-07.46.10:663][427]LogModuleManager: Shutting down and abandoning module LocationServicesBPLibrary (242)
[2024.04.22-07.46.10:663][427]LogModuleManager: Shutting down and abandoning module ImmediatePhysicsEditor (240)
[2024.04.22-07.46.10:663][427]LogModuleManager: Shutting down and abandoning module ImmediatePhysics (238)
[2024.04.22-07.46.10:671][427]LogModuleManager: Shutting down and abandoning module UdpMessaging (236)
[2024.04.22-07.46.10:771][427]LogModuleManager: Shutting down and abandoning module TcpMessaging (234)
[2024.04.22-07.46.10:884][427]LogModuleManager: Shutting down and abandoning module GameplayTagsEditor (232)
[2024.04.22-07.46.10:902][427]LogModuleManager: Shutting down and abandoning module FacialAnimationEditor (230)
[2024.04.22-07.46.10:911][427]LogModuleManager: Shutting down and abandoning module FacialAnimation (228)
[2024.04.22-07.46.10:911][427]LogModuleManager: Shutting down and abandoning module AssetManagerEditor (226)
[2024.04.22-07.46.10:942][427]LogModuleManager: Shutting down and abandoning module GraphEditor (225)
[2024.04.22-07.46.10:997][427]LogModuleManager: Shutting down and abandoning module ContentBrowser (223)
[2024.04.22-07.46.10:999][427]LogModuleManager: Shutting down and abandoning module LightPropagationVolumeRuntime (220)
[2024.04.22-07.46.10:999][427]LogModuleManager: Shutting down and abandoning module Paper2D (218)
[2024.04.22-07.46.11:004][427]LogModuleManager: Shutting down and abandoning module WindowsMoviePlayer (216)
[2024.04.22-07.46.11:004][427]LogModuleManager: Shutting down and abandoning module WmfMedia (214)
[2024.04.22-07.46.11:031][427]LogModuleManager: Shutting down and abandoning module ClothingSystemEditor (212)
[2024.04.22-07.46.11:036][427]LogModuleManager: Shutting down and abandoning module ClothingSystemRuntime (210)
[2024.04.22-07.46.11:062][427]LogModuleManager: Shutting down and abandoning module MediaAssets (208)
[2024.04.22-07.46.11:062][427]LogModuleManager: Shutting down and abandoning module GameLiveStreaming (206)
[2024.04.22-07.46.11:070][427]LogModuleManager: Shutting down and abandoning module VREditor (204)
[2024.04.22-07.46.11:088][427]LogModuleManager: Shutting down and abandoning module StringTableEditor (202)
[2024.04.22-07.46.11:143][427]LogModuleManager: Shutting down and abandoning module GameplayTasksEditor (200)
[2024.04.22-07.46.11:143][427]LogModuleManager: Shutting down and abandoning module BehaviorTreeEditor (198)
[2024.04.22-07.46.11:157][427]LogModuleManager: Shutting down and abandoning module FunctionalTesting (196)
[2024.04.22-07.46.11:157][427]LogModuleManager: Shutting down and abandoning module CollisionAnalyzer (194)
[2024.04.22-07.46.11:190][427]LogModuleManager: Shutting down and abandoning module UMG (192)
[2024.04.22-07.46.11:204][427]LogModuleManager: Shutting down and abandoning module UMGEditor (191)
[2024.04.22-07.46.11:224][427]LogModuleManager: Shutting down and abandoning module Sequencer (190)
[2024.04.22-07.46.11:238][427]LogModuleManager: Shutting down and abandoning module AssetTools (188)
[2024.04.22-07.46.11:278][427]LogModuleManager: Shutting down and abandoning module MessageLog (187)
[2024.04.22-07.46.11:278][427]LogModuleManager: Shutting down and abandoning module WorkspaceMenuStructure (186)
[2024.04.22-07.46.11:278][427]LogModuleManager: Shutting down and abandoning module SlateReflector (180)
[2024.04.22-07.46.11:310][427]LogModuleManager: Shutting down and abandoning module Slate (178)
[2024.04.22-07.46.11:310][427]LogModuleManager: Shutting down and abandoning module EditorStyle (176)
[2024.04.22-07.46.11:312][427]LogModuleManager: Shutting down and abandoning module SourceCodeAccess (174)
[2024.04.22-07.46.11:312][427]LogModuleManager: Shutting down and abandoning module HeadMountedDisplay (172)
[2024.04.22-07.46.11:312][427]LogModuleManager: Shutting down and abandoning module XAudio2 (170)
[2024.04.22-07.46.11:312][427]LogModuleManager: Shutting down and abandoning module Networking (168)
[2024.04.22-07.46.11:312][427]LogModuleManager: Shutting down and abandoning module Core (164)
[2024.04.22-07.46.11:312][427]LogModuleManager: Shutting down and abandoning module AssetRegistry (162)
[2024.04.22-07.46.11:473][427]LogDirectoryWatcher: A directory notification for '../../../Engine/Content/' was aborted.
[2024.04.22-07.46.11:473][427]LogDirectoryWatcher: A directory notification for 'C:/Users/suvan/Documents/Unreal Projects/FortTest/SourceCode/FortniteGame/Content/' was aborted.
[2024.04.22-07.46.11:473][427]LogDirectoryWatcher: A directory notification for '../../../Engine/Plugins/2D/Paper2D/Content/' was aborted.
[2024.04.22-07.46.11:474][427]LogDirectoryWatcher: A directory notification for '../../../Engine/Plugins/Runtime/GearVR/Content/' was aborted.
[2024.04.22-07.46.11:486][427]LogModuleManager: Shutting down and abandoning module DirectoryWatcher (161)
[2024.04.22-07.46.11:488][427]LogModuleManager: Shutting down and abandoning module KismetCompiler (158)
[2024.04.22-07.46.11:488][427]LogModuleManager: Shutting down and abandoning module LevelSequence (156)
[2024.04.22-07.46.11:488][427]LogModuleManager: Shutting down and abandoning module PhysXFormats (154)
[2024.04.22-07.46.11:488][427]LogModuleManager: Shutting down and abandoning module MeshUtilities (152)
[2024.04.22-07.46.11:500][427]LogModuleManager: Shutting down and abandoning module SimplygonSwarm (151)
[2024.04.22-07.46.11:526][427]LogModuleManager: Shutting down and abandoning module SimplygonMeshReduction (149)
[2024.04.22-07.46.11:526][427]LogModuleManager: Shutting down and abandoning module QuadricMeshReduction (147)
[2024.04.22-07.46.11:548][427]LogModuleManager: Shutting down and abandoning module DerivedDataCache (144)
[2024.04.22-07.46.11:644][427]LogDerivedDataCache: Shutdown
[2024.04.22-07.46.11:644][427]LogModuleManager: Shutting down and abandoning module TargetPlatform (142)
[2024.04.22-07.46.11:644][427]LogModuleManager: Shutting down and abandoning module VulkanShaderFormat (141)
[2024.04.22-07.46.11:690][427]LogModuleManager: Shutting down and abandoning module ShaderFormatVectorVM (139)
[2024.04.22-07.46.11:695][427]LogModuleManager: Shutting down and abandoning module ShaderFormatOpenGL (137)
[2024.04.22-07.46.11:704][427]LogModuleManager: Shutting down and abandoning module ShaderFormatD3D (135)
[2024.04.22-07.46.11:725][427]LogModuleManager: Shutting down and abandoning module MetalShaderFormat (133)
[2024.04.22-07.46.11:757][427]LogModuleManager: Shutting down and abandoning module TextureFormatUncompressed (131)
[2024.04.22-07.46.11:757][427]LogModuleManager: Shutting down and abandoning module TextureFormatPVR (129)
[2024.04.22-07.46.11:839][427]LogModuleManager: Shutting down and abandoning module TextureFormatDXT (127)
[2024.04.22-07.46.11:847][427]LogModuleManager: Shutting down and abandoning module TextureFormatIntelISPCTexComp (125)
[2024.04.22-07.46.11:871][427]LogModuleManager: Shutting down and abandoning module TextureFormatASTC (123)
[2024.04.22-07.46.11:871][427]LogModuleManager: Shutting down and abandoning module ImageWrapper (122)
[2024.04.22-07.46.11:871][427]LogModuleManager: Shutting down and abandoning module TextureFormatAndroid (119)
[2024.04.22-07.46.11:871][427]LogModuleManager: Shutting down and abandoning module AudioFormatOpus (117)
[2024.04.22-07.46.11:871][427]LogModuleManager: Shutting down and abandoning module AudioFormatOgg (115)
[2024.04.22-07.46.11:871][427]LogModuleManager: Shutting down and abandoning module AudioFormatADPCM (113)
[2024.04.22-07.46.11:871][427]LogModuleManager: Shutting down and abandoning module LinuxTargetPlatform (111)
[2024.04.22-07.46.11:871][427]LogModuleManager: Shutting down and abandoning module LinuxServerTargetPlatform (109)
[2024.04.22-07.46.11:871][427]LogModuleManager: Shutting down and abandoning module LinuxNoEditorTargetPlatform (107)
[2024.04.22-07.46.11:871][427]LogModuleManager: Shutting down and abandoning module LinuxClientTargetPlatform (105)
[2024.04.22-07.46.11:871][427]LogModuleManager: Shutting down and abandoning module TVOSTargetPlatform (103)
[2024.04.22-07.46.11:871][427]LogModuleManager: Shutting down and abandoning module Messaging (101)
[2024.04.22-07.46.11:871][427]LogModuleManager: Shutting down and abandoning module IOSTargetPlatform (99)
[2024.04.22-07.46.11:871][427]LogModuleManager: Shutting down and abandoning module HTML5TargetPlatform (97)
[2024.04.22-07.46.11:871][427]LogModuleManager: Shutting down and abandoning module Android_PVRTCTargetPlatform (95)
[2024.04.22-07.46.11:892][427]LogModuleManager: Shutting down and abandoning module Android_MultiTargetPlatform (93)
[2024.04.22-07.46.11:892][427]LogModuleManager: Shutting down and abandoning module Android_ETC2TargetPlatform (91)
[2024.04.22-07.46.11:897][427]LogModuleManager: Shutting down and abandoning module Android_ETC1TargetPlatform (89)
[2024.04.22-07.46.11:930][427]LogModuleManager: Shutting down and abandoning module Android_DXTTargetPlatform (87)
[2024.04.22-07.46.11:938][427]LogModuleManager: Shutting down and abandoning module Android_ATCTargetPlatform (85)
[2024.04.22-07.46.11:943][427]LogModuleManager: Shutting down and abandoning module Android_ASTCTargetPlatform (83)
[2024.04.22-07.46.11:943][427]LogModuleManager: Shutting down and abandoning module AndroidTargetPlatform (81)
[2024.04.22-07.46.11:952][427]LogModuleManager: Shutting down and abandoning module WindowsTargetPlatform (79)
[2024.04.22-07.46.11:952][427]LogModuleManager: Shutting down and abandoning module WindowsServerTargetPlatform (77)
[2024.04.22-07.46.11:952][427]LogModuleManager: Shutting down and abandoning module WindowsNoEditorTargetPlatform (75)
[2024.04.22-07.46.11:952][427]LogModuleManager: Shutting down and abandoning module WindowsClientTargetPlatform (73)
[2024.04.22-07.46.11:952][427]LogModuleManager: Shutting down and abandoning module MacTargetPlatform (71)
[2024.04.22-07.46.11:952][427]LogModuleManager: Shutting down and abandoning module MacServerTargetPlatform (69)
[2024.04.22-07.46.11:952][427]LogModuleManager: Shutting down and abandoning module MacNoEditorTargetPlatform (67)
[2024.04.22-07.46.11:952][427]LogModuleManager: Shutting down and abandoning module MacClientTargetPlatform (65)
[2024.04.22-07.46.11:952][427]LogModuleManager: Shutting down and abandoning module AllDesktopTargetPlatform (63)
[2024.04.22-07.46.11:952][427]LogModuleManager: Shutting down and abandoning module InputCore (60)
[2024.04.22-07.46.11:952][427]LogModuleManager: Shutting down and abandoning module Settings (58)
[2024.04.22-07.46.11:952][427]LogModuleManager: Shutting down and abandoning module OculusRift (56)
[2024.04.22-07.46.11:957][427]LogModuleManager: Shutting down and abandoning module GearVRController (54)
[2024.04.22-07.46.11:957][427]LogModuleManager: Shutting down and abandoning module GearVR (52)
[2024.04.22-07.46.11:979][427]LogModuleManager: Shutting down and abandoning module ExampleDeviceProfileSelector (50)
[2024.04.22-07.46.11:979][427]LogModuleManager: Shutting down and abandoning module OnlineBlueprintSupport (48)
[2024.04.22-07.46.11:979][427]LogModuleManager: Shutting down and abandoning module OnlineSubsystem (44)
[2024.04.22-07.46.11:979][427]LogOnline:Display: Unloading online subsystem: NULL
[2024.04.22-07.46.12:007][427]LogModuleManager: Shutting down and abandoning module XMPP (43)
[2024.04.22-07.46.12:022][427]LogModuleManager: Shutting down and abandoning module HTTP (41)
[2024.04.22-07.46.12:022][427]LogHttp:Display: Http module shutting down, but needs to wait on 1 outstanding Http requests:
[2024.04.22-07.46.12:026][427]LogHttp:Display: 	verb=[POST] url=[https://datarouter.ol.epicgames.com/datarouter/api/v1/public/data?SessionID=%7BF9B0C4E0-491B-98EC-CA35-8B90B1CD45FE%7D&AppID=UEEditor.Rocket.Release&AppVersion=4.16.3-3561208%2B%2B%2BUE4%2BRelease-4.16&UserID=82e01f884cc693e514b4a49664779f8f%7Ccacf155719304758a437fef752f26735%7Cbfbdb2b4-17cd-4e16-b0bc-d8e9662218f7&AppEnvironment=datacollector-binary&UploadType=eteventstream] status=Processing
[2024.04.22-07.46.12:051][427]LogModuleManager: Shutting down and abandoning module SSL (40)
[2024.04.22-07.46.12:066][427]LogModuleManager: Shutting down and abandoning module HTTPChunkInstaller (36)
[2024.04.22-07.46.12:093][427]LogModuleManager: Shutting down and abandoning module AnimationModifiers (34)
[2024.04.22-07.46.12:105][427]LogModuleManager: Shutting down and abandoning module PropertyEditor (33)
[2024.04.22-07.46.12:105][427]LogModuleManager: Shutting down and abandoning module AudioEditor (30)
[2024.04.22-07.46.12:106][427]LogModuleManager: Shutting down and abandoning module TextureCompressor (28)
[2024.04.22-07.46.12:116][427]LogModuleManager: Shutting down and abandoning module ShaderCore (26)
[2024.04.22-07.46.12:116][427]LogModuleManager: Shutting down and abandoning module Landscape (24)
[2024.04.22-07.46.12:116][427]LogModuleManager: Shutting down and abandoning module SlateRHIRenderer (22)
[2024.04.22-07.46.12:144][427]LogModuleManager: Shutting down and abandoning module OpenGLDrv (20)
[2024.04.22-07.46.12:172][427]LogModuleManager: Shutting down and abandoning module D3D11RHI (18)
[2024.04.22-07.46.12:172][427]LogModuleManager: Shutting down and abandoning module AnimGraphRuntime (16)
[2024.04.22-07.46.12:179][427]LogModuleManager: Shutting down and abandoning module Renderer (14)
[2024.04.22-07.46.12:179][427]LogModuleManager: Shutting down and abandoning module Engine (12)
[2024.04.22-07.46.12:179][427]LogModuleManager: Shutting down and abandoning module CoreUObject (10)
[2024.04.22-07.46.12:179][427]LogModuleManager: Shutting down and abandoning module NetworkFile (8)
[2024.04.22-07.46.12:203][427]LogModuleManager: Shutting down and abandoning module StreamingFile (6)
[2024.04.22-07.46.12:215][427]LogModuleManager: Shutting down and abandoning module SandboxFile (4)
[2024.04.22-07.46.12:221][427]LogModuleManager: Shutting down and abandoning module PakFile (2)
[2024.04.22-07.46.12:251][427]LogExit: Exiting.
[2024.04.22-07.46.12:284][427]Log file closed, 04/22/24 00:46:12
