Log file open, 04/23/24 18:58:32
LogInit:Display: Running engine without a game
LogPlatformFile: Not using cached read wrapper
LogInit:Display: Loading recent project file: C:/Users/suvan/Documents/Unreal Projects/FortTest/SourceCode/FortniteGame/FortniteGame.uproject
LogInit:Display: RandInit(1290414579) SRandInit(1290414580).
LogTaskGraph: Started task graph with 5 named threads and 8 total threads with 1 sets of task threads.
LogStats: Stats thread started at 2.461929
LogInit: Using libcurl 7.47.1
LogInit:  - built for x86_64-pc-win32
LogInit:  - supports SSL with OpenSSL/1.0.2g
LogInit:  - supports HTTP deflate (compression) using libz 1.2.8
LogInit:  - other features:
LogInit:      CURL_VERSION_SSL
LogInit:      CURL_VERSION_LIBZ
LogInit:      CURL_VERSION_IPV6
LogInit:      CURL_VERSION_ASYNCHDNS
LogInit:      CURL_VERSION_LARGEFILE
LogInit:      CURL_VERSION_IDN
LogInit:  CurlRequestOptions (configurable via config and command line):
LogInit:  - bVerifyPeer = false  - Libcurl will NOT verify peer certificate
LogInit:  - bUseHttpProxy = false  - Libcurl will NOT use HTTP proxy
LogInit:  - bDontReuseConnections = false  - Libcurl will reuse connections
LogInit:  - CertBundlePath = nullptr  - Libcurl will use whatever was configured at build time.
LogInit: Build: ++UE4+Release-4.16-CL-3561208
LogInit: Engine Version: 4.16.3-3561208+++UE4+Release-4.16
LogInit: Compatible Engine Version: 4.16.0-3452394+++UE4+Release-4.16
LogInit: Net CL: 3452394
LogDevObjectVersion: Number of dev versions registered: 16
LogDevObjectVersion:   Dev-Blueprints (B0D832E4-1F89-4F0D-ACCF-7EB736FD4AA2): 9
LogDevObjectVersion:   Dev-Build (E1C64328-A22C-4D53-A36C-8E866417BD8C): 0
LogDevObjectVersion:   Dev-Core (375EC13C-06E4-48FB-B500-84F0262A717E): 2
LogDevObjectVersion:   Dev-Editor (E4B068ED-F494-42E9-A231-DA0B2E46BB41): 17
LogDevObjectVersion:   Dev-Framework (CFFC743F-43B0-4480-9391-14DF171D2073): 23
LogDevObjectVersion:   Dev-Mobile (B02B49B5-BB20-44E9-A304-32B752E40360): 0
LogDevObjectVersion:   Dev-Networking (A4E4105C-59A1-49B5-A7C5-40C4547EDFEE): 0
LogDevObjectVersion:   Dev-Online (39C831C9-5AE6-47DC-9A44-9C173E1C8E7C): 0
LogDevObjectVersion:   Dev-Physics (78F01B33-EBEA-4F98-B9B4-84EACCB95AA2): 0
LogDevObjectVersion:   Dev-Platform (6631380F-2D4D-43E0-8009-CF276956A95A): 0
LogDevObjectVersion:   Dev-Rendering (12F88B9F-8875-4AFC-A67C-D90C383ABD29): 15
LogDevObjectVersion:   Dev-Sequencer (7B5AE74C-D270-4C10-A958-57980B212A5A): 4
LogDevObjectVersion:   Dev-VR (D7296918-1DD6-4BDD-9DE2-64A83CC13884): 0
LogDevObjectVersion:   Dev-LoadTimes (C2A15278-BFE7-4AFE-6C17-90FF531DF755): 1
LogDevObjectVersion:   Private-Geometry (6EACA3D4-40EC-4CC1-B786-8BED09428FC5): 1
LogDevObjectVersion:   Dev-AnimPhys (29E575DD-E0A3-4627-9D10-D276232CDCEA): 3
LogInit: Compiled (64-bit): Jul 28 2017 11:49:47
LogInit: Compiled with Visual C++: 19.00.24215.01
LogInit: Build Configuration: Development
LogInit: Branch Name: ++UE4+Release-4.16
LogInit: Command line: -AUTH_LOGIN=unused -AUTH_PASSWORD=67cd49235a354a1ca051975c2fcdfe46 -AUTH_TYPE=exchangecode -epicapp=UE_4.16 -epicenv=Prod -EpicPortal  -epicusername="blizzard325" -epicuserid=cacf155719304758a437fef752f26735 -epiclocale=en -epicsandboxid=ue
LogInit: Base directory: D:/EGL/UE_4.16/Engine/Binaries/Win64/
LogInit: Installed Engine Build: 1
LogInit: Presizing for max 8388607 objects, including 0 objects not considered by GC, pre-allocating 0 bytes for permanent pool.
LogInit: Object subsystem initialized
[2024.04.24-01.58.33:946][  0]LogInit: Selected Device Profile: [Windows]
[2024.04.24-01.58.33:946][  0]LogInit: Applying CVar settings loaded from the selected device profile: [Windows]
[2024.04.24-01.58.34:013][  0]LogInit: Computer: DESKTOP-07LGBFF
[2024.04.24-01.58.34:013][  0]LogInit: User: suvan
[2024.04.24-01.58.34:013][  0]LogInit: CPU Page size=4096, Cores=4
[2024.04.24-01.58.34:013][  0]LogInit: High frequency timer resolution =10.000000 MHz
[2024.04.24-01.58.34:013][  0]LogMemory: Memory total: Physical=15.9GB (16GB approx)
[2024.04.24-01.58.34:013][  0]LogMemory: Platform Memory Stats for Windows
[2024.04.24-01.58.34:013][  0]LogMemory: Process Physical Memory: 275.52 MB used, 275.53 MB peak
[2024.04.24-01.58.34:013][  0]LogMemory: Process Virtual Memory: 261.03 MB used, 261.03 MB peak
[2024.04.24-01.58.34:013][  0]LogMemory: Physical Memory: 6576.79 MB used,  9740.66 MB free, 16317.45 MB total
[2024.04.24-01.58.34:013][  0]LogMemory: Virtual Memory: 4759.09 MB used,  9740.66 MB free, 134217728.00 MB total
[2024.04.24-01.58.34:621][  0]LogInit: Using OS detected language (en-US).
[2024.04.24-01.58.34:621][  0]LogInit: Using OS detected locale (en-US).
[2024.04.24-01.58.34:833][  0]LogTextLocalizationManager: No specific localization for 'en-US' exists, so the 'en' localization will be used.
[2024.04.24-01.58.40:711][  0]LogD3D11RHI: D3D11 adapters:
[2024.04.24-01.58.40:793][  0]LogD3D11RHI:    0. 'Radeon RX 580 Series' (Feature Level 11_0)
[2024.04.24-01.58.40:793][  0]LogD3D11RHI:       8170/0/8158 MB DedicatedVideo/DedicatedSystem/SharedSystem, Outputs:2, VendorId:0x1002
[2024.04.24-01.58.40:796][  0]LogD3D11RHI:    1. 'Microsoft Basic Render Driver' (Feature Level 11_0)
[2024.04.24-01.58.40:796][  0]LogD3D11RHI:       0/0/8158 MB DedicatedVideo/DedicatedSystem/SharedSystem, Outputs:0, VendorId:0x1414
[2024.04.24-01.58.40:796][  0]LogD3D11RHI: Chosen D3D11 Adapter: 0
[2024.04.24-01.58.40:802][  0]LogD3D11RHI: Creating new Direct3DDevice
[2024.04.24-01.58.40:802][  0]LogD3D11RHI:     GPU DeviceId: 0x67df (for the marketing name, search the web for "GPU Device Id")
[2024.04.24-01.58.40:802][  0]LogWindows: EnumDisplayDevices:
[2024.04.24-01.58.40:802][  0]LogWindows:    0. 'Radeon RX 580 Series' (P:0 D:1)
[2024.04.24-01.58.40:803][  0]LogWindows:    1. 'Radeon RX 580 Series' (P:1 D:1)
[2024.04.24-01.58.40:803][  0]LogWindows:    2. 'Radeon RX 580 Series' (P:0 D:0)
[2024.04.24-01.58.40:803][  0]LogWindows:    3. 'Radeon RX 580 Series' (P:0 D:0)
[2024.04.24-01.58.40:803][  0]LogWindows:    4. 'Radeon RX 580 Series' (P:0 D:0)
[2024.04.24-01.58.40:803][  0]LogWindows:    5. 'Radeon RX 580 Series' (P:0 D:0)
[2024.04.24-01.58.40:803][  0]LogWindows:    6. 'Radeon RX 580 Series' (P:0 D:0)
[2024.04.24-01.58.40:804][  0]LogWindows: DebugString: GetVideoDriverDetailsInvalid PrimaryIsNotTheChoosenAdapter GetVideoDriverDetailsInvalid PrimaryIsNotTheChoosenAdapter GetVideoDriverDetailsInvalid PrimaryIsNotTheChoosenAdapter GetVideoDriverDetailsInvalid PrimaryIsNotTheChoosenAdapter GetVideoDriverDetailsInvalid PrimaryIsNotTheChoosenAdapter GetVideoDriverDetailsInvalid PrimaryIsNotTheChoosenAdapter GetVideoDriverDetailsInvalid PrimaryIsNotTheChoosenAdapter FoundDriverCount:0 
[2024.04.24-01.58.40:804][  0]LogD3D11RHI:     Adapter Name: Radeon RX 580 Series
[2024.04.24-01.58.40:804][  0]LogD3D11RHI:   Driver Version: Unknown (internal:Unknown, unified:Unknown)
[2024.04.24-01.58.40:804][  0]LogD3D11RHI:      Driver Date: Unknown
[2024.04.24-01.58.40:817][  0]LogRHI: Texture pool is 1361 MB (70% of 1945 MB)
[2024.04.24-01.58.40:906][  0]LogD3D11RHI: Async texture creation enabled
[2024.04.24-01.58.41:157][  0]LogD3D11RHI: GPU Timing Frequency: 25.000000 (Debug: 2 1)
[2024.04.24-01.58.41:197][  0]LogShaderCompilers: Guid format shader working directory is -27 characters bigger than the processId version (C:/Users/suvan/Documents/Unreal Projects/FortTest/SourceCode/FortniteGame/Intermediate/Shaders/WorkingDirectory/1000/).
[2024.04.24-01.58.41:198][  0]LogShaderCompilers: Cleaned the shader compiler working directory 'C:/Users/suvan/AppData/Local/Temp/UnrealShaderWorkingDir/96608B594C8F2FB53066E0B6D6534904/'.
[2024.04.24-01.58.41:199][  0]LogShaderCompilers:Display: Using Local Shader Compiler.
[2024.04.24-01.58.46:088][  0]LogTemp:Display: Loaded TP AllDesktopTargetPlatform
[2024.04.24-01.58.46:160][  0]LogTemp:Display: Loaded TP MacClientTargetPlatform
[2024.04.24-01.58.46:230][  0]LogTemp:Display: Loaded TP MacNoEditorTargetPlatform
[2024.04.24-01.58.46:282][  0]LogTemp:Display: Loaded TP MacServerTargetPlatform
[2024.04.24-01.58.46:371][  0]LogTemp:Display: Loaded TP MacTargetPlatform
[2024.04.24-01.58.46:434][  0]LogTemp:Display: Loaded TP WindowsClientTargetPlatform
[2024.04.24-01.58.46:490][  0]LogTemp:Display: Loaded TP WindowsNoEditorTargetPlatform
[2024.04.24-01.58.46:540][  0]LogTemp:Display: Loaded TP WindowsServerTargetPlatform
[2024.04.24-01.58.46:589][  0]LogTemp:Display: Loaded TP WindowsTargetPlatform
[2024.04.24-01.58.46:651][  0]LogTemp:Display: Loaded TP AndroidTargetPlatform
[2024.04.24-01.58.46:703][  0]LogTemp:Display: Loaded TP Android_ASTCTargetPlatform
[2024.04.24-01.58.46:756][  0]LogTemp:Display: Loaded TP Android_ATCTargetPlatform
[2024.04.24-01.58.46:812][  0]LogTemp:Display: Loaded TP Android_DXTTargetPlatform
[2024.04.24-01.58.46:879][  0]LogTemp:Display: Loaded TP Android_ETC1TargetPlatform
[2024.04.24-01.58.46:936][  0]LogTemp:Display: Loaded TP Android_ETC2TargetPlatform
[2024.04.24-01.58.47:042][  0]LogTemp:Display: Loaded TP Android_MultiTargetPlatform
[2024.04.24-01.58.47:042][  0]LogTemp:Display: Loaded TP Android_PVRTCTargetPlatform
[2024.04.24-01.58.47:084][  0]LogTemp:Display: Loaded TP HTML5TargetPlatform
[2024.04.24-01.58.47:272][  0]LogTemp:Display: Loaded TP IOSTargetPlatform
[2024.04.24-01.58.47:303][  0]LogTemp:Display: Loaded TP TVOSTargetPlatform
[2024.04.24-01.58.47:366][  0]LogTemp:Display: Loaded TP LinuxClientTargetPlatform
[2024.04.24-01.58.47:428][  0]LogTemp:Display: Loaded TP LinuxNoEditorTargetPlatform
[2024.04.24-01.58.47:485][  0]LogTemp:Display: Loaded TP LinuxServerTargetPlatform
[2024.04.24-01.58.47:551][  0]LogTemp:Display: Loaded TP LinuxTargetPlatform
[2024.04.24-01.58.47:551][  0]LogTargetPlatformManager:Display: Building Assets For Windows
[2024.04.24-01.58.49:101][  0]LogDerivedDataCache:Display: Max Cache Size: 512 MB
[2024.04.24-01.58.49:444][  0]LogDerivedDataCache: Loaded boot cache 0.34s 90MB C:/Users/suvan/AppData/Local/UnrealEngine/4.16/DerivedDataCache/Boot.ddc.
[2024.04.24-01.58.49:444][  0]LogDerivedDataCache:Display: Loaded Boot cache: C:/Users/suvan/AppData/Local/UnrealEngine/4.16/DerivedDataCache/Boot.ddc
[2024.04.24-01.58.49:444][  0]LogDerivedDataCache: FDerivedDataBackendGraph:  Pak pak cache file C:/Users/suvan/Documents/Unreal Projects/FortTest/SourceCode/FortniteGame/DerivedDataCache/DDC.ddp not found, will not use a pak cache.
[2024.04.24-01.58.49:444][  0]LogDerivedDataCache: Unable to find inner node Pak for hierarchical cache Hierarchy.
[2024.04.24-01.58.49:444][  0]LogDerivedDataCache: FDerivedDataBackendGraph:  CompressedPak pak cache file C:/Users/suvan/Documents/Unreal Projects/FortTest/SourceCode/FortniteGame/DerivedDataCache/Compressed.ddp not found, will not use a pak cache.
[2024.04.24-01.58.49:444][  0]LogDerivedDataCache: Unable to find inner node CompressedPak for hierarchical cache Hierarchy.
[2024.04.24-01.58.49:504][  0]LogDerivedDataCache:Display: Pak cache opened for reading ../../../Engine/DerivedDataCache/Compressed.ddp.
[2024.04.24-01.58.49:517][  0]LogDerivedDataCache: Using Local data cache path C:/Users/suvan/AppData/Local/UnrealEngine/Common/DerivedDataCache: Writable
[2024.04.24-01.58.49:549][  0]LogMaterial: Verifying Global Shaders for PCD3D_SM5
[2024.04.24-01.58.49:592][  0]LogSlate: Using Freetype 2.6.0
[2024.04.24-01.58.49:686][  0]LogSlate: SlateFontCache - WITH_FREETYPE: 1, WITH_HARFBUZZ: 1
[2024.04.24-01.58.49:687][  0]LogSlate: SlateFontCache - WITH_FREETYPE: 1, WITH_HARFBUZZ: 1
[2024.04.24-01.59.00:613][  0]LogInit: Selected Device Profile: [Windows]
[2024.04.24-01.59.01:226][  0]LogContentStreaming: Texture pool size is 0.00 MB
[2024.04.24-01.59.01:832][  0]LogMeshUtilities: Using QuadricMeshReduction for automatic static mesh reduction
[2024.04.24-01.59.01:986][  0]LogSimplygon: Simplygon DLL not present - disabling.
[2024.04.24-01.59.02:092][  0]LogMeshUtilities: Using SimplygonSwarm for distributed automatic mesh merging
[2024.04.24-01.59.02:092][  0]LogMeshUtilities: No automatic skeletal mesh reduction module available
[2024.04.24-01.59.02:092][  0]LogMeshUtilities: No automatic mesh merging module available
[2024.04.24-01.59.06:411][  0]LogNetVersion: FortniteGame , NetCL: 3452394, EngineNetVer: 2, GameNetVer: 0 (Checksum: 2151719328)
[2024.04.24-01.59.06:667][  0]LogAssetRegistry: FAssetRegistry took 0.0342 seconds to start up
[2024.04.24-01.59.06:805][  0]LogPackageLocalizationCache: Processed 4 localized package path(s) for 2 prioritized culture(s) in 0.068916 seconds
[2024.04.24-01.59.06:812][  0]LogUObjectArray: 34194 objects as part of root set at end of initial load.
[2024.04.24-01.59.06:812][  0]LogUObjectAllocator: 7260424 out of 0 bytes used by permanent object pool.
[2024.04.24-01.59.06:812][  0]LogUObjectArray: CloseDisregardForGC: 0/0 objects in disregard for GC pool
[2024.04.24-01.59.06:885][  0]LogInit: WinSock: version 1.1 (2.2), MaxSocks=32767, MaxUdp=65467
[2024.04.24-01.59.45:039][  0]LogTcpMessaging: Initializing TcpMessaging bridge
[2024.04.24-01.59.45:109][  0]LogUdpMessaging: Initializing bridge on interface 0.0.0.0:0 to multicast group 230.0.0.1:6666.
[2024.04.24-01.59.47:140][  0]LogMaterial: Uniform references updated for custom material expression Custom.
[2024.04.24-01.59.49:314][  0]SourceControl: Info Source control is disabled
[2024.04.24-01.59.49:323][  0]SourceControl: Info Source control is disabled
[2024.04.24-01.59.49:418][  0]SourceControl: Info Source control is disabled
[2024.04.24-01.59.49:504][  0]SourceControl: Info Source control is disabled
[2024.04.24-01.59.50:971][  0]LogAndroidPermission: UAndroidPermissionCallbackProxy::GetInstance
[2024.04.24-01.59.52:092][  0]LogEngine: Initializing Engine...
[2024.04.24-01.59.52:102][  0]LogHMD: Failed to initialize OpenVR with code 110
[2024.04.24-01.59.52:371][  0]LogStats: UGameplayTagsManager::ConstructGameplayTagTree: Construct from data asset -  0.000 s
[2024.04.24-01.59.52:371][  0]LogStats: UGameplayTagsManager::ConstructGameplayTagTree: GameplayTagTreeChangedEvent.Broadcast -  0.000 s
[2024.04.24-01.59.52:716][  0]LogAIModule: Creating AISystem for world Untitled
[2024.04.24-01.59.52:794][  0]LogInit: XAudio2 using 'Headphones (High Definition Audio Device)' : 2 channels at 48 kHz using 16 bits per sample (channel mask 0x3)
[2024.04.24-01.59.52:820][  0]LogInit: FAudioDevice initialized.
[2024.04.24-01.59.52:871][  0]LogDerivedDataCache: Saved boot cache 0.05s 90MB C:/Users/suvan/AppData/Local/UnrealEngine/4.16/DerivedDataCache/Boot.ddc.
[2024.04.24-01.59.52:880][  0]LogInit: Texture streaming: Enabled
[2024.04.24-01.59.53:090][  0]LogEngineSessionManager: EngineSessionManager initialized
[2024.04.24-01.59.53:813][  0]LogInit: Transaction tracking system initialized
[2024.04.24-01.59.54:389][  0]BlueprintLog: New page: Editor Load
[2024.04.24-01.59.56:183][  0]LocalizationService: Info Localization service is disabled
[2024.04.24-01.59.57:502][  0]LogConsoleResponse:Display: 
[2024.04.24-01.59.58:026][  0]LogFileCache: Scanning file cache for directory 'C:/Users/suvan/Documents/Unreal Projects/FortTest/SourceCode/FortniteGame/Content/' took 0.02s
[2024.04.24-01.59.58:026][  0]LogCook:Display: Max memory allowance for cook 16384mb min free memory 0mb
[2024.04.24-01.59.58:026][  0]LogCook:Display: Mobile HDR setting 1
[2024.04.24-02.00.00:647][  0]SourceControl: Info Source control is disabled
[2024.04.24-02.00.00:661][  0]Cmd: MAP LOAD FILE="../../../Engine/Content/Maps/Templates/Template_Default.umap" TEMPLATE=1 SHOWPROGRESS=1 FEATURELEVEL=3
[2024.04.24-02.00.00:666][  0]LightingResults: New page: Lighting Build
[2024.04.24-02.00.00:817][  0]MapCheck: New page: Map Check
[2024.04.24-02.00.00:817][  0]LightingResults: New page: Lighting Build
[2024.04.24-02.00.01:473][  0]LogAIModule: Creating AISystem for world Untitled_1
[2024.04.24-02.00.01:482][  0]LogActorComponent: RegisterComponentWithWorld: (/Temp/Untitled_1.Untitled_1:PersistentLevel.WorldSettings_1.StaticMeshComponent0) Trying to register component with IsPendingKill() == true. Aborting.
[2024.04.24-02.00.01:720][  0]LogEditorServer: Finished looking for orphan Actors (0.000 secs)
[2024.04.24-02.00.01:766][  0]Cmd: MAP CHECKDEP NOCLEARLOG
[2024.04.24-02.00.01:852][  0]MapCheck: Info Map check complete: 0 Error(s), 0 Warning(s), took 85.226ms to complete.
[2024.04.24-02.00.01:852][  0]LogFileHelpers: Loading map 'Template_Default' took 1.199
[2024.04.24-02.00.03:745][  0]LogCollectionManager: Loaded 0 collections in 0.001925 seconds
[2024.04.24-02.00.04:430][  0]LogFileCache: Scanning file cache for directory 'C:/Users/suvan/Documents/Unreal Projects/FortTest/SourceCode/FortniteGame/Saved/Collections/' took 0.01s
[2024.04.24-02.00.04:430][  0]LogFileCache: Scanning file cache for directory 'C:/Users/suvan/Documents/Unreal Projects/FortTest/SourceCode/FortniteGame/Content/Developers/suvan/Collections/' took 0.01s
[2024.04.24-02.00.04:430][  0]LogFileCache: Scanning file cache for directory 'C:/Users/suvan/Documents/Unreal Projects/FortTest/SourceCode/FortniteGame/Content/Collections/' took 0.01s
[2024.04.24-02.00.04:430][  0]LogCollectionManager: Rebuilt the GUID cache for 0 collections in 0.000007 seconds
[2024.04.24-02.00.04:442][  0]LogContentBrowser: Native class hierarchy populated in 0.0105 seconds. Added 2329 classes and 491 folders.
[2024.04.24-02.00.04:550][  0]LogContentBrowser: Native class hierarchy updated for 'WidgetCarousel' in 0.0008 seconds. Added 0 classes and 0 folders.
[2024.04.24-02.00.11:331][  0]LogContentBrowser: Native class hierarchy updated for 'AddContentDialog' in 0.0009 seconds. Added 0 classes and 0 folders.
[2024.04.24-02.00.11:503][  0]LogContentBrowser: Native class hierarchy updated for 'SceneOutliner' in 0.0008 seconds. Added 1 classes and 2 folders.
[2024.04.24-02.00.12:205][  0]LogCrashTracker: Crashtracker disabled due to settings.
[2024.04.24-02.00.12:419][  0]LogSlate: Took 0.015976 seconds to synchronously load lazily loaded font '../../../Engine/Content/Slate/Fonts/Roboto-Regular.ttf' (155K)
[2024.04.24-02.00.12:453][  0]LogSlate: Took 0.016860 seconds to synchronously load lazily loaded font '../../../Engine/Content/Slate/Fonts/Roboto-Bold.ttf' (160K)
[2024.04.24-02.00.12:555][  0]LogSlate: Took 0.011201 seconds to synchronously load lazily loaded font '../../../Engine/Content/Editor/Slate/Fonts/FontAwesome.ttf' (139K)
[2024.04.24-02.00.12:601][  0]LogSlate: Took 0.008696 seconds to synchronously load lazily loaded font '../../../Engine/Content/Editor/Slate/Fonts/DroidSansMono.ttf' (77K)
[2024.04.24-02.00.13:038][  0]LogRenderer: Reallocating scene render targets to support 1208x576 NumSamples 1 (Frame:1).
[2024.04.24-02.00.13:801][  0]LogUObjectGlobals:Warning: Failed to find object 'Class None.'
[2024.04.24-02.00.14:034][  0]LogContentBrowser: Native class hierarchy updated for 'HierarchicalLODOutliner' in 0.0010 seconds. Added 1 classes and 2 folders.
[2024.04.24-02.00.14:034][  0]LogLoad: (Engine Initialization) Total time: 111.73 seconds
[2024.04.24-02.00.14:034][  0]LogLoad: (Engine Initialization) Total Blueprint compile time: 0.50 seconds
[2024.04.24-02.00.14:035][  0]LogExternalProfiler: No external profilers were discovered.  External profiling features will not be available.
[2024.04.24-02.00.20:044][  0]LogOcInput: OculusInput pre-init called
[2024.04.24-02.00.20:052][  0]LogHMD: Starting GearVRController plugin
[2024.04.24-02.00.20:461][  0]LogContentStreaming: Texture pool size now 1000 MB
[2024.04.24-02.00.21:118][  2]LogAssetRegistry: Asset discovery search completed in 74.4736 seconds
[2024.04.24-02.00.21:143][  2]LogCollectionManager: Rebuilt the object cache for 0 collections in 0.000001 seconds (found 0 objects)
[2024.04.24-02.00.21:143][  2]LogCollectionManager: Fixed up redirectors for 0 collections in 0.005775 seconds (updated 0 objects)
[2024.04.24-02.00.25:056][ 12]LogSlate: Took 0.018578 seconds to synchronously load lazily loaded font '../../../Engine/Content/Slate/Fonts/Roboto-Light.ttf' (159K)
[2024.04.24-02.00.34:907][879]LogStreaming:Warning: Failed to open ANSI TEXT file C:/Users/suvan/Documents/Unreal Projects/FortTest/SourceCode/FortniteGame/Saved/HardwareSurvey/dxdiag.txt
[2024.04.24-02.00.35:006][880]LogSynthBenchmark:Display: FSynthBenchmark (V0.95):  requested WorkScale=5.00
[2024.04.24-02.00.35:006][880]LogSynthBenchmark:Display: ===============
[2024.04.24-02.00.35:006][880]LogSynthBenchmark:Display: Main Processor:
[2024.04.24-02.00.35:193][880]LogSynthBenchmark:Display:          ... 0.019610 s/Run 'RayIntersect'
[2024.04.24-02.00.35:193][880]LogSynthBenchmark:Display:          ... 0.017529 s/Run 'Fractal'
[2024.04.24-02.00.35:193][880]LogSynthBenchmark:Display: 
[2024.04.24-02.00.35:193][880]LogSynthBenchmark:Display:   CompiledTarget_x_Bits: 64
[2024.04.24-02.00.35:193][880]LogSynthBenchmark:Display:   UE_BUILD_SHIPPING: 0
[2024.04.24-02.00.35:193][880]LogSynthBenchmark:Display:   UE_BUILD_TEST: 0
[2024.04.24-02.00.35:193][880]LogSynthBenchmark:Display:   UE_BUILD_DEBUG: 0
[2024.04.24-02.00.35:193][880]LogSynthBenchmark:Display:   TotalPhysicalGBRam: 16
[2024.04.24-02.00.35:193][880]LogSynthBenchmark:Display:   NumberOfCores (physical): 4
[2024.04.24-02.00.35:193][880]LogSynthBenchmark:Display:   NumberOfCores (logical): 8
[2024.04.24-02.00.35:193][880]LogSynthBenchmark:Display:   CPU Perf Index 0: 130.6 (weight 1.00)
[2024.04.24-02.00.35:193][880]LogSynthBenchmark:Display:   CPU Perf Index 1: 163.2 (weight 1.50)
[2024.04.24-02.00.35:194][880]LogSynthBenchmark:Display:  
[2024.04.24-02.00.35:194][880]LogSynthBenchmark:Display: Graphics:
[2024.04.24-02.00.35:194][880]LogSynthBenchmark:Display:   Adapter Name: 'Radeon RX 580 Series'
[2024.04.24-02.00.35:194][880]LogSynthBenchmark:Display:   (On Optimus the name might be wrong, memory should be ok)
[2024.04.24-02.00.35:194][880]LogSynthBenchmark:Display:   Vendor Id: 0x1002
[2024.04.24-02.00.35:194][880]LogSynthBenchmark:Display:   Device Id: 0x67DF
[2024.04.24-02.00.35:194][880]LogSynthBenchmark:Display:   Device Revision: 0xE7
[2024.04.24-02.00.35:194][880]LogSynthBenchmark:Display:   GPU Memory: 8171/0/8159 MB
[2024.04.24-02.00.35:322][880]LogSynthBenchmark:Display:   GPU first test: 0.03s
[2024.04.24-02.00.35:322][880]LogSynthBenchmark:Display:          ... 3.929 s/GigaPix, Confidence=100% 'ALUHeavyNoise' (likely to be very inaccurate)
[2024.04.24-02.00.35:323][880]LogSynthBenchmark:Display:          ... 3.349 s/GigaPix, Confidence=100% 'TexHeavy' (likely to be very inaccurate)
[2024.04.24-02.00.35:323][880]LogSynthBenchmark:Display:          ... 3.081 s/GigaPix, Confidence=100% 'DepTexHeavy' (likely to be very inaccurate)
[2024.04.24-02.00.35:323][880]LogSynthBenchmark:Display:          ... 6.430 s/GigaPix, Confidence=89% 'FillOnly' (likely to be very inaccurate)
[2024.04.24-02.00.35:323][880]LogSynthBenchmark:Display:          ... 0.368 s/GigaPix, Confidence=100% 'Bandwidth' (likely to be very inaccurate)
[2024.04.24-02.00.35:323][880]LogSynthBenchmark:Display:          ... 1.983 s/GigaVert, Confidence=100% 'VertThroughPut1' (likely to be very inaccurate)
[2024.04.24-02.00.35:323][880]LogSynthBenchmark:Display:          ... 2.667 s/GigaVert, Confidence=100% 'VertThroughPut2' (likely to be very inaccurate)
[2024.04.24-02.00.35:517][880]LogSynthBenchmark:Display:   GPU second test: 0.14s
[2024.04.24-02.00.35:517][880]LogSynthBenchmark:Display:          ... 13.768 s/GigaPix, Confidence=89% 'ALUHeavyNoise' (likely to be inaccurate)
[2024.04.24-02.00.35:517][880]LogSynthBenchmark:Display:          ... 10.413 s/GigaPix, Confidence=100% 'TexHeavy' (likely to be inaccurate)
[2024.04.24-02.00.35:517][880]LogSynthBenchmark:Display:          ... 9.909 s/GigaPix, Confidence=100% 'DepTexHeavy' (likely to be inaccurate)
[2024.04.24-02.00.35:517][880]LogSynthBenchmark:Display:          ... 30.546 s/GigaPix, Confidence=89% 'FillOnly' (likely to be inaccurate)
[2024.04.24-02.00.35:517][880]LogSynthBenchmark:Display:          ... 0.719 s/GigaPix, Confidence=100% 'Bandwidth' (likely to be inaccurate)
[2024.04.24-02.00.35:517][880]LogSynthBenchmark:Display:          ... 2.802 s/GigaVert, Confidence=100% 'VertThroughPut1' (likely to be inaccurate)
[2024.04.24-02.00.35:517][880]LogSynthBenchmark:Display:          ... 4.706 s/GigaVert, Confidence=100% 'VertThroughPut2' (likely to be inaccurate)
[2024.04.24-02.00.35:517][880]LogSynthBenchmark:Display:   GPU Final Results:
[2024.04.24-02.00.35:517][880]LogSynthBenchmark:Display:          ... 13.768 s/GigaPix, Confidence=89% 'ALUHeavyNoise'
[2024.04.24-02.00.35:518][880]LogSynthBenchmark:Display:          ... 10.413 s/GigaPix, Confidence=100% 'TexHeavy'
[2024.04.24-02.00.35:518][880]LogSynthBenchmark:Display:          ... 9.909 s/GigaPix, Confidence=100% 'DepTexHeavy'
[2024.04.24-02.00.35:518][880]LogSynthBenchmark:Display:          ... 30.546 s/GigaPix, Confidence=89% 'FillOnly'
[2024.04.24-02.00.35:519][880]LogSynthBenchmark:Display:          ... 0.719 s/GigaPix, Confidence=100% 'Bandwidth'
[2024.04.24-02.00.35:519][880]LogSynthBenchmark:Display:          ... 2.802 s/GigaVert, Confidence=100% 'VertThroughPut1'
[2024.04.24-02.00.35:519][880]LogSynthBenchmark:Display:          ... 4.706 s/GigaVert, Confidence=100% 'VertThroughPut2'
[2024.04.24-02.00.35:519][880]LogSynthBenchmark:Display: 
[2024.04.24-02.00.35:519][880]LogSynthBenchmark:Display:   GPU Perf Index 0: 299.2 (weight 1.00)
[2024.04.24-02.00.35:519][880]LogSynthBenchmark:Display:   GPU Perf Index 1: 139.8 (weight 0.10)
[2024.04.24-02.00.35:519][880]LogSynthBenchmark:Display:   GPU Perf Index 2: 257.6 (weight 0.10)
[2024.04.24-02.00.35:519][880]LogSynthBenchmark:Display:   GPU Perf Index 3: 120.0 (weight 3.00)
[2024.04.24-02.00.35:519][880]LogSynthBenchmark:Display:   GPU Perf Index 4: 67.1 (weight 1.00)
[2024.04.24-02.00.35:520][880]LogSynthBenchmark:Display:   GPU Perf Index 5: 182.3 (weight 0.00)
[2024.04.24-02.00.35:520][880]LogSynthBenchmark:Display:   GPU Perf Index 6: 266.3 (weight 0.00)
[2024.04.24-02.00.35:520][880]LogSynthBenchmark:Display:   CPUIndex: 150.1
[2024.04.24-02.00.35:520][880]LogSynthBenchmark:Display:   GPUIndex: 147.3
[2024.04.24-02.00.35:520][880]LogSynthBenchmark:Display: 
[2024.04.24-02.00.35:520][880]LogSynthBenchmark:Display:          ... Total Time: 0.513638 sec
[2024.04.24-02.00.40:211][319]Cmd: QUIT_EDITOR
[2024.04.24-02.00.40:541][319]LogExit: Preparing to exit.
[2024.04.24-02.00.41:793][319]LogExit: Editor shut down
[2024.04.24-02.00.41:797][319]LogExit: Transaction tracking system shut down
[2024.04.24-02.00.43:136][319]LogObj: Freed 0b from 0 cluster array pools.
[2024.04.24-02.00.43:136][319]LogExit: Object subsystem successfully closed.
[2024.04.24-02.00.43:385][319]LogD3D11RHI: Shutdown
[2024.04.24-02.00.43:385][319]LogD3D11RHI: CleanupD3DDevice
[2024.04.24-02.00.43:526][319]LogD3D11RHI: ~FD3D11DynamicRHI
[2024.04.24-02.00.44:382][319]LogModuleManager: Shutting down and abandoning module SynthBenchmark (526)
[2024.04.24-02.00.44:390][319]LogModuleManager: Shutting down and abandoning module HierarchicalLODOutliner (524)
[2024.04.24-02.00.44:406][319]LogModuleManager: Shutting down and abandoning module CrashTracker (522)
[2024.04.24-02.00.44:406][319]LogModuleManager: Shutting down and abandoning module SceneOutliner (520)
[2024.04.24-02.00.44:416][319]LogModuleManager: Shutting down and abandoning module AddContentDialog (518)
[2024.04.24-02.00.44:450][319]LogDirectoryWatcher: A directory notification for 'D:/EGL/UE_4.16/FeaturePacks/' was aborted.
[2024.04.24-02.00.44:460][319]LogModuleManager: Shutting down and abandoning module WidgetCarousel (517)
[2024.04.24-02.00.44:460][319]LogModuleManager: Shutting down and abandoning module EditorWidgets (514)
[2024.04.24-02.00.44:460][319]LogModuleManager: Shutting down and abandoning module CollectionManager (512)
[2024.04.24-02.00.44:460][319]LogDirectoryWatcher: A directory notification for 'C:/Users/suvan/Documents/Unreal Projects/FortTest/SourceCode/FortniteGame/Content/Collections/' was aborted.
[2024.04.24-02.00.44:460][319]LogDirectoryWatcher: A directory notification for 'C:/Users/suvan/Documents/Unreal Projects/FortTest/SourceCode/FortniteGame/Content/Developers/suvan/Collections/' was aborted.
[2024.04.24-02.00.44:460][319]LogDirectoryWatcher: A directory notification for 'C:/Users/suvan/Documents/Unreal Projects/FortTest/SourceCode/FortniteGame/Saved/Collections/' was aborted.
[2024.04.24-02.00.44:460][319]LogModuleManager: Shutting down and abandoning module StatsViewer (510)
[2024.04.24-02.00.44:461][319]LogModuleManager: Shutting down and abandoning module FoliageEdit (508)
[2024.04.24-02.00.44:461][319]LogModuleManager: Shutting down and abandoning module LandscapeEditor (506)
[2024.04.24-02.00.44:481][319]LogModuleManager: Shutting down and abandoning module MeshPaintMode (504)
[2024.04.24-02.00.44:481][319]LogModuleManager: Shutting down and abandoning module SceneDepthPickerMode (502)
[2024.04.24-02.00.44:481][319]LogModuleManager: Shutting down and abandoning module ActorPickerMode (500)
[2024.04.24-02.00.44:481][319]LogModuleManager: Shutting down and abandoning module GeometryMode (498)
[2024.04.24-02.00.44:481][319]LogModuleManager: Shutting down and abandoning module TextureAlignMode (496)
[2024.04.24-02.00.44:481][319]LogModuleManager: Shutting down and abandoning module BspMode (494)
[2024.04.24-02.00.44:493][319]LogModuleManager: Shutting down and abandoning module HardwareSurvey (492)
[2024.04.24-02.00.44:493][319]LogModuleManager: Shutting down and abandoning module SequenceRecorderSections (490)
[2024.04.24-02.00.44:496][319]LogModuleManager: Shutting down and abandoning module AutomationWorker (488)
[2024.04.24-02.00.44:499][319]LogModuleManager: Shutting down and abandoning module MatineeToLevelSequence (486)
[2024.04.24-02.00.44:512][319]LogModuleManager: Shutting down and abandoning module LevelSequenceEditor (484)
[2024.04.24-02.00.44:586][319]LogModuleManager: Shutting down and abandoning module PlacementMode (483)
[2024.04.24-02.00.44:586][319]LogModuleManager: Shutting down and abandoning module WmfMediaFactory (480)
[2024.04.24-02.00.44:586][319]LogModuleManager: Shutting down and abandoning module WmfMediaEditor (478)
[2024.04.24-02.00.44:586][319]LogModuleManager: Shutting down and abandoning module AvfMediaFactory (476)
[2024.04.24-02.00.44:586][319]LogModuleManager: Shutting down and abandoning module AvfMediaEditor (474)
[2024.04.24-02.00.44:586][319]LogModuleManager: Shutting down and abandoning module AndroidMediaFactory (472)
[2024.04.24-02.00.44:586][319]LogModuleManager: Shutting down and abandoning module Media (471)
[2024.04.24-02.00.44:586][319]LogModuleManager: Shutting down and abandoning module AndroidMediaEditor (468)
[2024.04.24-02.00.44:586][319]LogModuleManager: Shutting down and abandoning module CharacterAI (466)
[2024.04.24-02.00.44:586][319]LogModuleManager: Shutting down and abandoning module AudioCapture (464)
[2024.04.24-02.00.44:594][319]LogModuleManager: Shutting down and abandoning module SequenceRecorder (463)
[2024.04.24-02.00.44:624][319]LogModuleManager: Shutting down and abandoning module SmartSnapping (460)
[2024.04.24-02.00.44:624][319]LogModuleManager: Shutting down and abandoning module SessionServices (458)
[2024.04.24-02.00.44:624][319]LogModuleManager: Shutting down and abandoning module ViewportSnapping (456)
[2024.04.24-02.00.44:624][319]LogModuleManager: Shutting down and abandoning module ViewportInteraction (454)
[2024.04.24-02.00.44:624][319]LogModuleManager: Shutting down and abandoning module ClothPainter (452)
[2024.04.24-02.00.44:647][319]LogModuleManager: Shutting down and abandoning module LogVisualizer (450)
[2024.04.24-02.00.44:647][319]LogModuleManager: Shutting down and abandoning module IntroTutorials (448)
[2024.04.24-02.00.44:661][319]LogModuleManager: Shutting down and abandoning module GameProjectGeneration (447)
[2024.04.24-02.00.44:675][319]LogModuleManager: Shutting down and abandoning module EditorLiveStreaming (444)
[2024.04.24-02.00.44:675][319]LogModuleManager: Shutting down and abandoning module IOSPlatformEditor (442)
[2024.04.24-02.00.44:683][319]LogModuleManager: Shutting down and abandoning module HTML5PlatformEditor (440)
[2024.04.24-02.00.44:683][319]LogModuleManager: Shutting down and abandoning module AndroidPlatformEditor (438)
[2024.04.24-02.00.44:683][319]LogModuleManager: Shutting down and abandoning module AndroidDeviceDetection (437)
[2024.04.24-02.00.44:847][319]LogModuleManager: Shutting down and abandoning module IOSRuntimeSettings (434)
[2024.04.24-02.00.44:847][319]LogModuleManager: Shutting down and abandoning module AndroidRuntimeSettings (432)
[2024.04.24-02.00.44:847][319]LogModuleManager: Shutting down and abandoning module InputBindingEditor (430)
[2024.04.24-02.00.44:855][319]LogModuleManager: Shutting down and abandoning module MergeActors (428)
[2024.04.24-02.00.44:864][319]LogModuleManager: Shutting down and abandoning module SizeMap (426)
[2024.04.24-02.00.44:864][319]LogModuleManager: Shutting down and abandoning module TreeMap (424)
[2024.04.24-02.00.44:872][319]LogModuleManager: Shutting down and abandoning module ReferenceViewer (422)
[2024.04.24-02.00.44:877][319]LogModuleManager: Shutting down and abandoning module LocalizationDashboard (420)
[2024.04.24-02.00.44:891][319]LogModuleManager: Shutting down and abandoning module LocalizationService (419)
[2024.04.24-02.00.44:901][319]LogModuleManager: Shutting down and abandoning module HardwareTargeting (416)
[2024.04.24-02.00.44:901][319]LogModuleManager: Shutting down and abandoning module DeviceProfileEditor (414)
[2024.04.24-02.00.44:908][319]LogModuleManager: Shutting down and abandoning module UndoHistory (412)
[2024.04.24-02.00.44:912][319]LogModuleManager: Shutting down and abandoning module UserFeedback (410)
[2024.04.24-02.00.44:912][319]LogModuleManager: Shutting down and abandoning module XmlParser (408)
[2024.04.24-02.00.44:922][319]LogModuleManager: Shutting down and abandoning module Blutility (406)
[2024.04.24-02.00.44:927][319]LogModuleManager: Shutting down and abandoning module ProjectSettingsViewer (404)
[2024.04.24-02.00.44:927][319]LogModuleManager: Shutting down and abandoning module ProjectTargetPlatformEditor (403)
[2024.04.24-02.00.44:927][319]LogModuleManager: Shutting down and abandoning module EditorSettingsViewer (400)
[2024.04.24-02.00.44:927][319]LogModuleManager: Shutting down and abandoning module SettingsEditor (398)
[2024.04.24-02.00.44:957][319]LogModuleManager: Shutting down and abandoning module ProjectLauncher (396)
[2024.04.24-02.00.44:974][319]LogModuleManager: Shutting down and abandoning module SessionFrontend (394)
[2024.04.24-02.00.44:983][319]LogModuleManager: Shutting down and abandoning module ProfilerClient (392)
[2024.04.24-02.00.45:010][319]LogModuleManager: Shutting down and abandoning module DeviceManager (390)
[2024.04.24-02.00.45:020][319]LogModuleManager: Shutting down and abandoning module TargetDeviceServices (389)
[2024.04.24-02.00.45:066][319]LogModuleManager: Shutting down and abandoning module AutomationController (386)
[2024.04.24-02.00.45:071][319]LogModuleManager: Shutting down and abandoning module AutomationWindow (384)
[2024.04.24-02.00.45:101][319]LogModuleManager: Shutting down and abandoning module Layers (382)
[2024.04.24-02.00.45:123][319]LogModuleManager: Shutting down and abandoning module ComponentVisualizers (380)
[2024.04.24-02.00.45:123][319]LogModuleManager: Shutting down and abandoning module DetailCustomizations (378)
[2024.04.24-02.00.45:143][319]LogModuleManager: Shutting down and abandoning module PackagesDialog (376)
[2024.04.24-02.00.45:143][319]LogModuleManager: Shutting down and abandoning module Persona (374)
[2024.04.24-02.00.45:165][319]LogModuleManager: Shutting down and abandoning module AdvancedPreviewScene (373)
[2024.04.24-02.00.45:165][319]LogModuleManager: Shutting down and abandoning module AnimGraph (371)
[2024.04.24-02.00.45:165][319]LogModuleManager: Shutting down and abandoning module Kismet (368)
[2024.04.24-02.00.45:168][319]LogModuleManager: Shutting down and abandoning module ClassViewer (366)
[2024.04.24-02.00.45:168][319]LogModuleManager: Shutting down and abandoning module Toolbox (364)
[2024.04.24-02.00.45:181][319]LogModuleManager: Shutting down and abandoning module ModuleUI (362)
[2024.04.24-02.00.45:185][319]LogModuleManager: Shutting down and abandoning module MovieSceneTools (360)
[2024.04.24-02.00.45:204][319]LogModuleManager: Shutting down and abandoning module OutputLog (358)
[2024.04.24-02.00.45:204][319]LogModuleManager: Shutting down and abandoning module GammaUI (356)
[2024.04.24-02.00.45:216][319]LogModuleManager: Shutting down and abandoning module Documentation (354)
[2024.04.24-02.00.45:216][319]LogModuleManager: Shutting down and abandoning module MovieSceneTracks (352)
[2024.04.24-02.00.45:216][319]LogModuleManager: Shutting down and abandoning module MovieScene (350)
[2024.04.24-02.00.45:217][319]LogModuleManager: Shutting down and abandoning module Niagara (348)
[2024.04.24-02.00.45:217][319]LogModuleManager: Shutting down and abandoning module NiagaraEditor (347)
[2024.04.24-02.00.45:241][319]LogModuleManager: Shutting down and abandoning module StreamingPauseRendering (344)
[2024.04.24-02.00.45:241][319]LogModuleManager: Shutting down and abandoning module AnalyticsET (342)
[2024.04.24-02.00.45:241][319]LogModuleManager: Shutting down and abandoning module PortalServices (340)
[2024.04.24-02.00.45:241][319]LogModuleManager: Shutting down and abandoning module PortalRpc (338)
[2024.04.24-02.00.45:241][319]LogModuleManager: Shutting down and abandoning module MessagingRpc (336)
[2024.04.24-02.00.45:241][319]LogModuleManager: Shutting down and abandoning module AIModule (334)
[2024.04.24-02.00.45:241][319]LogModuleManager: Shutting down and abandoning module GameplayDebugger (333)
[2024.04.24-02.00.45:254][319]LogModuleManager: Shutting down and abandoning module AITestSuite (331)
[2024.04.24-02.00.45:266][319]LogModuleManager: Shutting down and abandoning module ProfilerService (328)
[2024.04.24-02.00.45:409][319]LogModuleManager: Shutting down and abandoning module TaskGraph (326)
[2024.04.24-02.00.45:429][319]LogModuleManager: Shutting down and abandoning module SteamVRController (324)
[2024.04.24-02.00.45:429][319]LogModuleManager: Shutting down and abandoning module SteamVR (322)
[2024.04.24-02.00.45:429][319]LogModuleManager: Shutting down and abandoning module ProceduralMeshComponentEditor (320)
[2024.04.24-02.00.45:439][319]LogModuleManager: Shutting down and abandoning module ProceduralMeshComponent (318)
[2024.04.24-02.00.45:448][319]LogModuleManager: Shutting down and abandoning module OculusLibrary (316)
[2024.04.24-02.00.45:448][319]LogModuleManager: Shutting down and abandoning module OculusInput (314)
[2024.04.24-02.00.45:448][319]LogModuleManager: Shutting down and abandoning module MobilePatchingUtils (312)
[2024.04.24-02.00.45:448][319]LogModuleManager: Shutting down and abandoning module CustomMeshComponent (310)
[2024.04.24-02.00.45:448][319]LogModuleManager: Shutting down and abandoning module CableComponent (308)
[2024.04.24-02.00.45:455][319]LogModuleManager: Shutting down and abandoning module ArchVisCharacter (306)
[2024.04.24-02.00.45:455][319]LogModuleManager: Shutting down and abandoning module AndroidPermission (304)
[2024.04.24-02.00.45:455][319]LogModuleManager: Shutting down and abandoning module MediaPlayerEditor (300)
[2024.04.24-02.00.45:474][319]LogModuleManager: Shutting down and abandoning module HTML5Networking (298)
[2024.04.24-02.00.45:474][319]LogModuleManager: Shutting down and abandoning module AlembicImporter (296)
[2024.04.24-02.00.45:477][319]LogModuleManager: Shutting down and abandoning module AlembicLibrary (295)
[2024.04.24-02.00.45:478][319]LogModuleManager: Shutting down and abandoning module GeometryCache (294)
[2024.04.24-02.00.45:485][319]LogModuleManager: Shutting down and abandoning module GeometryCacheEd (293)
[2024.04.24-02.00.45:485][319]LogModuleManager: Shutting down and abandoning module SuperSearchEditor (288)
[2024.04.24-02.00.45:485][319]LogModuleManager: Shutting down and abandoning module SuperSearch (287)
[2024.04.24-02.00.45:485][319]LogModuleManager: Shutting down and abandoning module SpeedTreeImporter (284)
[2024.04.24-02.00.45:485][319]LogModuleManager: Shutting down and abandoning module PluginBrowser (282)
[2024.04.24-02.00.45:497][319]LogModuleManager: Shutting down and abandoning module MobileLauncherProfileWizard (280)
[2024.04.24-02.00.45:508][319]LogModuleManager: Shutting down and abandoning module VisualStudioSourceCodeAccess (278)
[2024.04.24-02.00.45:508][319]LogModuleManager: Shutting down and abandoning module DesktopPlatform (277)
[2024.04.24-02.00.45:508][319]LogModuleManager: Shutting down and abandoning module UObjectPlugin (274)
[2024.04.24-02.00.45:508][319]LogModuleManager: Shutting down and abandoning module SubversionSourceControl (272)
[2024.04.24-02.00.45:535][319]LogModuleManager: Shutting down and abandoning module PerforceSourceControl (270)
[2024.04.24-02.00.45:551][319]LogModuleManager: Shutting down and abandoning module GitSourceControl (268)
[2024.04.24-02.00.45:556][319]LogModuleManager: Shutting down and abandoning module SourceControl (267)
[2024.04.24-02.00.45:556][319]LogModuleManager: Shutting down and abandoning module LightPropagationVolumeEditor (264)
[2024.04.24-02.00.45:556][319]LogModuleManager: Shutting down and abandoning module PaperTiledImporter (262)
[2024.04.24-02.00.45:556][319]LogModuleManager: Shutting down and abandoning module PaperSpriteSheetImporter (260)
[2024.04.24-02.00.45:556][319]LogModuleManager: Shutting down and abandoning module Paper2DEditor (258)
[2024.04.24-02.00.45:570][319]LogModuleManager: Shutting down and abandoning module MeshPaint (257)
[2024.04.24-02.00.45:582][319]LogModuleManager: Shutting down and abandoning module LevelEditor (255)
[2024.04.24-02.00.45:593][319]LogModuleManager: Shutting down and abandoning module PixelInspectorModule (254)
[2024.04.24-02.00.45:610][319]LogModuleManager: Shutting down and abandoning module MainFrame (252)
[2024.04.24-02.00.45:616][319]LogModuleManager: Shutting down and abandoning module HotReload (251)
[2024.04.24-02.00.45:619][319]LogModuleManager: Shutting down and abandoning module PhysXVehiclesEditor (246)
[2024.04.24-02.00.45:636][319]LogModuleManager: Shutting down and abandoning module PhysXVehicles (244)
[2024.04.24-02.00.45:636][319]LogModuleManager: Shutting down and abandoning module LocationServicesBPLibrary (242)
[2024.04.24-02.00.45:636][319]LogModuleManager: Shutting down and abandoning module ImmediatePhysicsEditor (240)
[2024.04.24-02.00.45:636][319]LogModuleManager: Shutting down and abandoning module ImmediatePhysics (238)
[2024.04.24-02.00.45:642][319]LogModuleManager: Shutting down and abandoning module UdpMessaging (236)
[2024.04.24-02.00.45:743][319]LogModuleManager: Shutting down and abandoning module TcpMessaging (234)
[2024.04.24-02.00.45:857][319]LogModuleManager: Shutting down and abandoning module GameplayTagsEditor (232)
[2024.04.24-02.00.45:869][319]LogModuleManager: Shutting down and abandoning module FacialAnimationEditor (230)
[2024.04.24-02.00.45:880][319]LogModuleManager: Shutting down and abandoning module FacialAnimation (228)
[2024.04.24-02.00.45:880][319]LogModuleManager: Shutting down and abandoning module AssetManagerEditor (226)
[2024.04.24-02.00.45:887][319]LogModuleManager: Shutting down and abandoning module GraphEditor (225)
[2024.04.24-02.00.45:931][319]LogModuleManager: Shutting down and abandoning module ContentBrowser (223)
[2024.04.24-02.00.45:932][319]LogModuleManager: Shutting down and abandoning module LightPropagationVolumeRuntime (220)
[2024.04.24-02.00.45:932][319]LogModuleManager: Shutting down and abandoning module Paper2D (218)
[2024.04.24-02.00.45:938][319]LogModuleManager: Shutting down and abandoning module WindowsMoviePlayer (216)
[2024.04.24-02.00.45:938][319]LogModuleManager: Shutting down and abandoning module WmfMedia (214)
[2024.04.24-02.00.45:966][319]LogModuleManager: Shutting down and abandoning module ClothingSystemEditor (212)
[2024.04.24-02.00.45:975][319]LogModuleManager: Shutting down and abandoning module ClothingSystemRuntime (210)
[2024.04.24-02.00.45:979][319]LogModuleManager: Shutting down and abandoning module MediaAssets (208)
[2024.04.24-02.00.45:979][319]LogModuleManager: Shutting down and abandoning module GameLiveStreaming (206)
[2024.04.24-02.00.45:983][319]LogModuleManager: Shutting down and abandoning module VREditor (204)
[2024.04.24-02.00.45:989][319]LogModuleManager: Shutting down and abandoning module StringTableEditor (202)
[2024.04.24-02.00.45:999][319]LogModuleManager: Shutting down and abandoning module GameplayTasksEditor (200)
[2024.04.24-02.00.45:999][319]LogModuleManager: Shutting down and abandoning module BehaviorTreeEditor (198)
[2024.04.24-02.00.46:016][319]LogModuleManager: Shutting down and abandoning module FunctionalTesting (196)
[2024.04.24-02.00.46:016][319]LogModuleManager: Shutting down and abandoning module CollisionAnalyzer (194)
[2024.04.24-02.00.46:053][319]LogModuleManager: Shutting down and abandoning module UMG (192)
[2024.04.24-02.00.46:068][319]LogModuleManager: Shutting down and abandoning module UMGEditor (191)
[2024.04.24-02.00.46:087][319]LogModuleManager: Shutting down and abandoning module Sequencer (190)
[2024.04.24-02.00.46:099][319]LogModuleManager: Shutting down and abandoning module AssetTools (188)
[2024.04.24-02.00.46:134][319]LogModuleManager: Shutting down and abandoning module MessageLog (187)
[2024.04.24-02.00.46:143][319]LogModuleManager: Shutting down and abandoning module WorkspaceMenuStructure (186)
[2024.04.24-02.00.46:143][319]LogModuleManager: Shutting down and abandoning module SlateReflector (180)
[2024.04.24-02.00.46:177][319]LogModuleManager: Shutting down and abandoning module Slate (178)
[2024.04.24-02.00.46:177][319]LogModuleManager: Shutting down and abandoning module EditorStyle (176)
[2024.04.24-02.00.46:179][319]LogModuleManager: Shutting down and abandoning module SourceCodeAccess (174)
[2024.04.24-02.00.46:179][319]LogModuleManager: Shutting down and abandoning module HeadMountedDisplay (172)
[2024.04.24-02.00.46:179][319]LogModuleManager: Shutting down and abandoning module XAudio2 (170)
[2024.04.24-02.00.46:179][319]LogModuleManager: Shutting down and abandoning module Networking (168)
[2024.04.24-02.00.46:179][319]LogModuleManager: Shutting down and abandoning module Core (164)
[2024.04.24-02.00.46:179][319]LogModuleManager: Shutting down and abandoning module AssetRegistry (162)
[2024.04.24-02.00.46:317][319]LogDirectoryWatcher: A directory notification for '../../../Engine/Content/' was aborted.
[2024.04.24-02.00.46:317][319]LogDirectoryWatcher: A directory notification for 'C:/Users/suvan/Documents/Unreal Projects/FortTest/SourceCode/FortniteGame/Content/' was aborted.
[2024.04.24-02.00.46:317][319]LogDirectoryWatcher: A directory notification for '../../../Engine/Plugins/2D/Paper2D/Content/' was aborted.
[2024.04.24-02.00.46:317][319]LogDirectoryWatcher: A directory notification for '../../../Engine/Plugins/Runtime/GearVR/Content/' was aborted.
[2024.04.24-02.00.46:345][319]LogModuleManager: Shutting down and abandoning module DirectoryWatcher (161)
[2024.04.24-02.00.46:345][319]LogModuleManager: Shutting down and abandoning module KismetCompiler (158)
[2024.04.24-02.00.46:345][319]LogModuleManager: Shutting down and abandoning module LevelSequence (156)
[2024.04.24-02.00.46:345][319]LogModuleManager: Shutting down and abandoning module PhysXFormats (154)
[2024.04.24-02.00.46:345][319]LogModuleManager: Shutting down and abandoning module MeshUtilities (152)
[2024.04.24-02.00.46:357][319]LogModuleManager: Shutting down and abandoning module SimplygonSwarm (151)
[2024.04.24-02.00.46:362][319]LogModuleManager: Shutting down and abandoning module SimplygonMeshReduction (149)
[2024.04.24-02.00.46:362][319]LogModuleManager: Shutting down and abandoning module QuadricMeshReduction (147)
[2024.04.24-02.00.46:367][319]LogModuleManager: Shutting down and abandoning module DerivedDataCache (144)
[2024.04.24-02.00.46:416][319]LogDerivedDataCache: Shutdown
[2024.04.24-02.00.46:430][319]LogModuleManager: Shutting down and abandoning module TargetPlatform (142)
[2024.04.24-02.00.46:430][319]LogModuleManager: Shutting down and abandoning module VulkanShaderFormat (141)
[2024.04.24-02.00.46:436][319]LogModuleManager: Shutting down and abandoning module ShaderFormatVectorVM (139)
[2024.04.24-02.00.46:442][319]LogModuleManager: Shutting down and abandoning module ShaderFormatOpenGL (137)
[2024.04.24-02.00.46:445][319]LogModuleManager: Shutting down and abandoning module ShaderFormatD3D (135)
[2024.04.24-02.00.46:456][319]LogModuleManager: Shutting down and abandoning module MetalShaderFormat (133)
[2024.04.24-02.00.46:461][319]LogModuleManager: Shutting down and abandoning module TextureFormatUncompressed (131)
[2024.04.24-02.00.46:461][319]LogModuleManager: Shutting down and abandoning module TextureFormatPVR (129)
[2024.04.24-02.00.46:461][319]LogModuleManager: Shutting down and abandoning module TextureFormatDXT (127)
[2024.04.24-02.00.46:470][319]LogModuleManager: Shutting down and abandoning module TextureFormatIntelISPCTexComp (125)
[2024.04.24-02.00.46:476][319]LogModuleManager: Shutting down and abandoning module TextureFormatASTC (123)
[2024.04.24-02.00.46:476][319]LogModuleManager: Shutting down and abandoning module ImageWrapper (122)
[2024.04.24-02.00.46:477][319]LogModuleManager: Shutting down and abandoning module TextureFormatAndroid (119)
[2024.04.24-02.00.46:477][319]LogModuleManager: Shutting down and abandoning module AudioFormatOpus (117)
[2024.04.24-02.00.46:477][319]LogModuleManager: Shutting down and abandoning module AudioFormatOgg (115)
[2024.04.24-02.00.46:477][319]LogModuleManager: Shutting down and abandoning module AudioFormatADPCM (113)
[2024.04.24-02.00.46:477][319]LogModuleManager: Shutting down and abandoning module LinuxTargetPlatform (111)
[2024.04.24-02.00.46:477][319]LogModuleManager: Shutting down and abandoning module LinuxServerTargetPlatform (109)
[2024.04.24-02.00.46:477][319]LogModuleManager: Shutting down and abandoning module LinuxNoEditorTargetPlatform (107)
[2024.04.24-02.00.46:477][319]LogModuleManager: Shutting down and abandoning module LinuxClientTargetPlatform (105)
[2024.04.24-02.00.46:477][319]LogModuleManager: Shutting down and abandoning module TVOSTargetPlatform (103)
[2024.04.24-02.00.46:477][319]LogModuleManager: Shutting down and abandoning module Messaging (101)
[2024.04.24-02.00.46:477][319]LogModuleManager: Shutting down and abandoning module IOSTargetPlatform (99)
[2024.04.24-02.00.46:477][319]LogModuleManager: Shutting down and abandoning module HTML5TargetPlatform (97)
[2024.04.24-02.00.46:477][319]LogModuleManager: Shutting down and abandoning module Android_PVRTCTargetPlatform (95)
[2024.04.24-02.00.46:484][319]LogModuleManager: Shutting down and abandoning module Android_MultiTargetPlatform (93)
[2024.04.24-02.00.46:484][319]LogModuleManager: Shutting down and abandoning module Android_ETC2TargetPlatform (91)
[2024.04.24-02.00.46:493][319]LogModuleManager: Shutting down and abandoning module Android_ETC1TargetPlatform (89)
[2024.04.24-02.00.46:502][319]LogModuleManager: Shutting down and abandoning module Android_DXTTargetPlatform (87)
[2024.04.24-02.00.46:513][319]LogModuleManager: Shutting down and abandoning module Android_ATCTargetPlatform (85)
[2024.04.24-02.00.46:519][319]LogModuleManager: Shutting down and abandoning module Android_ASTCTargetPlatform (83)
[2024.04.24-02.00.46:519][319]LogModuleManager: Shutting down and abandoning module AndroidTargetPlatform (81)
[2024.04.24-02.00.46:525][319]LogModuleManager: Shutting down and abandoning module WindowsTargetPlatform (79)
[2024.04.24-02.00.46:525][319]LogModuleManager: Shutting down and abandoning module WindowsServerTargetPlatform (77)
[2024.04.24-02.00.46:525][319]LogModuleManager: Shutting down and abandoning module WindowsNoEditorTargetPlatform (75)
[2024.04.24-02.00.46:525][319]LogModuleManager: Shutting down and abandoning module WindowsClientTargetPlatform (73)
[2024.04.24-02.00.46:525][319]LogModuleManager: Shutting down and abandoning module MacTargetPlatform (71)
[2024.04.24-02.00.46:525][319]LogModuleManager: Shutting down and abandoning module MacServerTargetPlatform (69)
[2024.04.24-02.00.46:525][319]LogModuleManager: Shutting down and abandoning module MacNoEditorTargetPlatform (67)
[2024.04.24-02.00.46:525][319]LogModuleManager: Shutting down and abandoning module MacClientTargetPlatform (65)
[2024.04.24-02.00.46:525][319]LogModuleManager: Shutting down and abandoning module AllDesktopTargetPlatform (63)
[2024.04.24-02.00.46:525][319]LogModuleManager: Shutting down and abandoning module InputCore (60)
[2024.04.24-02.00.46:525][319]LogModuleManager: Shutting down and abandoning module Settings (58)
[2024.04.24-02.00.46:525][319]LogModuleManager: Shutting down and abandoning module OculusRift (56)
[2024.04.24-02.00.46:536][319]LogModuleManager: Shutting down and abandoning module GearVRController (54)
[2024.04.24-02.00.46:536][319]LogModuleManager: Shutting down and abandoning module GearVR (52)
[2024.04.24-02.00.46:545][319]LogModuleManager: Shutting down and abandoning module ExampleDeviceProfileSelector (50)
[2024.04.24-02.00.46:545][319]LogModuleManager: Shutting down and abandoning module OnlineBlueprintSupport (48)
[2024.04.24-02.00.46:545][319]LogModuleManager: Shutting down and abandoning module OnlineSubsystem (44)
[2024.04.24-02.00.46:545][319]LogOnline:Display: Unloading online subsystem: NULL
[2024.04.24-02.00.46:568][319]LogModuleManager: Shutting down and abandoning module XMPP (43)
[2024.04.24-02.00.46:582][319]LogModuleManager: Shutting down and abandoning module HTTP (41)
[2024.04.24-02.00.46:582][319]LogHttp:Display: Http module shutting down, but needs to wait on 1 outstanding Http requests:
[2024.04.24-02.00.46:582][319]LogHttp:Display: 	verb=[POST] url=[https://datarouter.ol.epicgames.com/datarouter/api/v1/public/data?SessionID=%7B8454DA4F-4D3B-A4F2-4D70-519AB5370266%7D&AppID=UEEditor.Rocket.Release&AppVersion=4.16.3-3561208%2B%2B%2BUE4%2BRelease-4.16&UserID=82e01f884cc693e514b4a49664779f8f%7Ccacf155719304758a437fef752f26735%7Cbfbdb2b4-17cd-4e16-b0bc-d8e9662218f7&AppEnvironment=datacollector-binary&UploadType=eteventstream] status=Processing
[2024.04.24-02.00.46:617][319]LogModuleManager: Shutting down and abandoning module SSL (40)
[2024.04.24-02.00.46:662][319]LogModuleManager: Shutting down and abandoning module HTTPChunkInstaller (36)
[2024.04.24-02.00.46:789][319]LogModuleManager: Shutting down and abandoning module AnimationModifiers (34)
[2024.04.24-02.00.46:828][319]LogModuleManager: Shutting down and abandoning module PropertyEditor (33)
[2024.04.24-02.00.46:828][319]LogModuleManager: Shutting down and abandoning module AudioEditor (30)
[2024.04.24-02.00.46:829][319]LogModuleManager: Shutting down and abandoning module TextureCompressor (28)
[2024.04.24-02.00.46:846][319]LogModuleManager: Shutting down and abandoning module ShaderCore (26)
[2024.04.24-02.00.46:846][319]LogModuleManager: Shutting down and abandoning module Landscape (24)
[2024.04.24-02.00.46:846][319]LogModuleManager: Shutting down and abandoning module SlateRHIRenderer (22)
[2024.04.24-02.00.46:866][319]LogModuleManager: Shutting down and abandoning module OpenGLDrv (20)
[2024.04.24-02.00.46:880][319]LogModuleManager: Shutting down and abandoning module D3D11RHI (18)
[2024.04.24-02.00.46:880][319]LogModuleManager: Shutting down and abandoning module AnimGraphRuntime (16)
[2024.04.24-02.00.46:889][319]LogModuleManager: Shutting down and abandoning module Renderer (14)
[2024.04.24-02.00.46:889][319]LogModuleManager: Shutting down and abandoning module Engine (12)
[2024.04.24-02.00.46:889][319]LogModuleManager: Shutting down and abandoning module CoreUObject (10)
[2024.04.24-02.00.46:889][319]LogModuleManager: Shutting down and abandoning module NetworkFile (8)
[2024.04.24-02.00.46:898][319]LogModuleManager: Shutting down and abandoning module StreamingFile (6)
[2024.04.24-02.00.46:907][319]LogModuleManager: Shutting down and abandoning module SandboxFile (4)
[2024.04.24-02.00.46:916][319]LogModuleManager: Shutting down and abandoning module PakFile (2)
[2024.04.24-02.00.46:948][319]LogExit: Exiting.
[2024.04.24-02.00.46:955][319]Log file closed, 04/23/24 19:00:46
